TN:
SF:src/theme.ts
FNF:0
FNH:0
DA:7,0
DA:12,0
DA:13,0
DA:16,0
DA:17,0
LF:5
LH:0
BRF:0
BRH:0
end_of_record
TN:
SF:src/components/ActionStepsCard.tsx
FN:66,(anonymous_0)
FN:81,(anonymous_1)
FN:96,(anonymous_2)
FN:101,(anonymous_3)
FN:105,(anonymous_4)
FN:105,(anonymous_5)
FN:108,(anonymous_6)
FN:117,(anonymous_7)
FN:124,(anonymous_8)
FN:140,(anonymous_9)
FN:141,(anonymous_10)
FN:147,ActionStepsCard
FN:181,(anonymous_12)
FN:187,(anonymous_13)
FN:202,(anonymous_14)
FN:206,(anonymous_15)
FN:218,(anonymous_16)
FN:219,(anonymous_17)
FN:227,(anonymous_18)
FN:229,(anonymous_19)
FN:233,(anonymous_20)
FN:243,(anonymous_21)
FN:250,(anonymous_22)
FN:251,(anonymous_23)
FN:253,(anonymous_24)
FN:257,(anonymous_25)
FN:258,(anonymous_26)
FN:285,(anonymous_27)
FN:307,(anonymous_28)
FN:361,(anonymous_29)
FN:375,(anonymous_30)
FN:386,(anonymous_31)
FN:401,(anonymous_32)
FN:416,(anonymous_33)
FN:427,(anonymous_34)
FN:444,(anonymous_35)
FN:459,(anonymous_36)
FN:470,(anonymous_37)
FN:487,(anonymous_38)
FN:502,(anonymous_39)
FN:513,(anonymous_40)
FN:530,(anonymous_41)
FN:552,(anonymous_42)
FN:569,(anonymous_43)
FN:579,(anonymous_44)
FN:591,(anonymous_45)
FN:608,(anonymous_46)
FN:618,(anonymous_47)
FN:630,(anonymous_48)
FN:647,(anonymous_49)
FN:657,(anonymous_50)
FN:669,(anonymous_51)
FN:698,(anonymous_52)
FN:708,(anonymous_53)
FN:721,(anonymous_54)
FN:747,(anonymous_55)
FN:782,(anonymous_56)
FN:792,(anonymous_57)
FN:793,(anonymous_58)
FN:799,(anonymous_59)
FN:806,(anonymous_60)
FN:807,(anonymous_61)
FN:816,(anonymous_62)
FN:864,(anonymous_63)
FN:874,(anonymous_64)
FN:903,(anonymous_65)
FN:910,(anonymous_66)
FN:946,(anonymous_67)
FN:979,(anonymous_68)
FN:999,(anonymous_69)
FN:1019,(anonymous_70)
FN:1039,(anonymous_71)
FNF:72
FNH:0
FNDA:0,(anonymous_0)
FNDA:0,(anonymous_1)
FNDA:0,(anonymous_2)
FNDA:0,(anonymous_3)
FNDA:0,(anonymous_4)
FNDA:0,(anonymous_5)
FNDA:0,(anonymous_6)
FNDA:0,(anonymous_7)
FNDA:0,(anonymous_8)
FNDA:0,(anonymous_9)
FNDA:0,(anonymous_10)
FNDA:0,ActionStepsCard
FNDA:0,(anonymous_12)
FNDA:0,(anonymous_13)
FNDA:0,(anonymous_14)
FNDA:0,(anonymous_15)
FNDA:0,(anonymous_16)
FNDA:0,(anonymous_17)
FNDA:0,(anonymous_18)
FNDA:0,(anonymous_19)
FNDA:0,(anonymous_20)
FNDA:0,(anonymous_21)
FNDA:0,(anonymous_22)
FNDA:0,(anonymous_23)
FNDA:0,(anonymous_24)
FNDA:0,(anonymous_25)
FNDA:0,(anonymous_26)
FNDA:0,(anonymous_27)
FNDA:0,(anonymous_28)
FNDA:0,(anonymous_29)
FNDA:0,(anonymous_30)
FNDA:0,(anonymous_31)
FNDA:0,(anonymous_32)
FNDA:0,(anonymous_33)
FNDA:0,(anonymous_34)
FNDA:0,(anonymous_35)
FNDA:0,(anonymous_36)
FNDA:0,(anonymous_37)
FNDA:0,(anonymous_38)
FNDA:0,(anonymous_39)
FNDA:0,(anonymous_40)
FNDA:0,(anonymous_41)
FNDA:0,(anonymous_42)
FNDA:0,(anonymous_43)
FNDA:0,(anonymous_44)
FNDA:0,(anonymous_45)
FNDA:0,(anonymous_46)
FNDA:0,(anonymous_47)
FNDA:0,(anonymous_48)
FNDA:0,(anonymous_49)
FNDA:0,(anonymous_50)
FNDA:0,(anonymous_51)
FNDA:0,(anonymous_52)
FNDA:0,(anonymous_53)
FNDA:0,(anonymous_54)
FNDA:0,(anonymous_55)
FNDA:0,(anonymous_56)
FNDA:0,(anonymous_57)
FNDA:0,(anonymous_58)
FNDA:0,(anonymous_59)
FNDA:0,(anonymous_60)
FNDA:0,(anonymous_61)
FNDA:0,(anonymous_62)
FNDA:0,(anonymous_63)
FNDA:0,(anonymous_64)
FNDA:0,(anonymous_65)
FNDA:0,(anonymous_66)
FNDA:0,(anonymous_67)
FNDA:0,(anonymous_68)
FNDA:0,(anonymous_69)
FNDA:0,(anonymous_70)
FNDA:0,(anonymous_71)
DA:66,0
DA:67,0
DA:68,0
DA:69,0
DA:70,0
DA:71,0
DA:72,0
DA:73,0
DA:74,0
DA:75,0
DA:76,0
DA:77,0
DA:81,0
DA:82,0
DA:83,0
DA:84,0
DA:85,0
DA:86,0
DA:87,0
DA:88,0
DA:89,0
DA:90,0
DA:91,0
DA:92,0
DA:96,0
DA:98,0
DA:101,0
DA:102,0
DA:103,0
DA:105,0
DA:108,0
DA:109,0
DA:110,0
DA:117,0
DA:118,0
DA:119,0
DA:124,0
DA:137,0
DA:140,0
DA:141,0
DA:162,0
DA:163,0
DA:164,0
DA:165,0
DA:166,0
DA:167,0
DA:168,0
DA:170,0
DA:173,0
DA:181,0
DA:182,0
DA:187,0
DA:189,0
DA:194,0
DA:198,0
DA:199,0
DA:202,0
DA:206,0
DA:214,0
DA:218,0
DA:219,0
DA:220,0
DA:221,0
DA:227,0
DA:228,0
DA:229,0
DA:233,0
DA:243,0
DA:246,0
DA:249,0
DA:250,0
DA:251,0
DA:252,0
DA:253,0
DA:255,0
DA:256,0
DA:257,0
DA:258,0
DA:259,0
DA:262,0
DA:264,0
DA:266,0
DA:267,0
DA:268,0
DA:285,0
DA:286,0
DA:287,0
DA:288,0
DA:289,0
DA:290,0
DA:292,0
DA:295,0
DA:302,0
DA:305,0
DA:306,0
DA:307,0
DA:308,0
DA:310,0
DA:312,0
DA:315,0
DA:316,0
DA:317,0
DA:318,0
DA:319,0
DA:325,0
DA:333,0
DA:336,0
DA:343,0
DA:347,0
DA:350,0
DA:351,0
DA:352,0
DA:353,0
DA:356,0
DA:361,0
DA:363,0
DA:365,0
DA:369,0
DA:372,0
DA:375,0
DA:377,0
DA:378,0
DA:381,0
DA:383,0
DA:384,0
DA:386,0
DA:390,0
DA:394,0
DA:395,0
DA:396,0
DA:397,0
DA:398,0
DA:401,0
DA:402,0
DA:403,0
DA:408,0
DA:409,0
DA:413,0
DA:416,0
DA:418,0
DA:419,0
DA:422,0
DA:424,0
DA:425,0
DA:430,0
DA:435,0
DA:439,0
DA:440,0
DA:441,0
DA:444,0
DA:445,0
DA:446,0
DA:451,0
DA:452,0
DA:456,0
DA:459,0
DA:461,0
DA:462,0
DA:465,0
DA:467,0
DA:468,0
DA:473,0
DA:478,0
DA:482,0
DA:483,0
DA:484,0
DA:487,0
DA:488,0
DA:489,0
DA:494,0
DA:495,0
DA:499,0
DA:502,0
DA:504,0
DA:505,0
DA:508,0
DA:510,0
DA:511,0
DA:516,0
DA:521,0
DA:525,0
DA:526,0
DA:527,0
DA:530,0
DA:531,0
DA:532,0
DA:537,0
DA:538,0
DA:542,0
DA:543,0
DA:544,0
DA:547,0
DA:548,0
DA:552,0
DA:555,0
DA:556,0
DA:559,0
DA:561,0
DA:562,0
DA:569,0
DA:570,0
DA:571,0
DA:579,0
DA:582,0
DA:583,0
DA:586,0
DA:587,0
DA:588,0
DA:591,0
DA:594,0
DA:595,0
DA:598,0
DA:600,0
DA:601,0
DA:608,0
DA:609,0
DA:610,0
DA:618,0
DA:621,0
DA:622,0
DA:625,0
DA:626,0
DA:627,0
DA:630,0
DA:633,0
DA:634,0
DA:637,0
DA:639,0
DA:640,0
DA:647,0
DA:648,0
DA:649,0
DA:657,0
DA:660,0
DA:661,0
DA:664,0
DA:665,0
DA:666,0
DA:669,0
DA:672,0
DA:673,0
DA:676,0
DA:678,0
DA:679,0
DA:680,0
DA:684,0
DA:685,0
DA:686,0
DA:691,0
DA:698,0
DA:699,0
DA:700,0
DA:708,0
DA:711,0
DA:712,0
DA:715,0
DA:716,0
DA:717,0
DA:721,0
DA:747,0
DA:751,0
DA:784,0
DA:789,0
DA:791,0
DA:792,0
DA:793,0
DA:797,0
DA:799,0
DA:805,0
DA:806,0
DA:807,0
DA:813,0
DA:814,0
DA:816,0
DA:817,0
DA:818,0
DA:819,0
DA:822,0
DA:823,0
DA:827,0
DA:867,0
DA:874,0
DA:904,0
DA:910,0
DA:947,0
DA:980,0
DA:981,0
DA:982,0
DA:983,0
DA:1000,0
DA:1001,0
DA:1002,0
DA:1003,0
DA:1020,0
DA:1021,0
DA:1022,0
DA:1023,0
DA:1040,0
DA:1041,0
DA:1042,0
DA:1043,0
DA:1051,0
LF:302
LH:0
BRDA:67,0,0,0
BRDA:67,0,1,0
BRDA:67,0,2,0
BRDA:67,0,3,0
BRDA:67,0,4,0
BRDA:67,0,5,0
BRDA:67,0,6,0
BRDA:67,0,7,0
BRDA:67,0,8,0
BRDA:67,0,9,0
BRDA:82,1,0,0
BRDA:82,1,1,0
BRDA:82,1,2,0
BRDA:82,1,3,0
BRDA:82,1,4,0
BRDA:82,1,5,0
BRDA:82,1,6,0
BRDA:82,1,7,0
BRDA:82,1,8,0
BRDA:82,1,9,0
BRDA:102,2,0,0
BRDA:102,2,1,0
BRDA:102,3,0,0
BRDA:102,3,1,0
BRDA:105,4,0,0
BRDA:105,4,1,0
BRDA:109,5,0,0
BRDA:109,5,1,0
BRDA:118,6,0,0
BRDA:118,6,1,0
BRDA:125,7,0,0
BRDA:125,7,1,0
BRDA:126,8,0,0
BRDA:126,8,1,0
BRDA:127,9,0,0
BRDA:127,9,1,0
BRDA:127,10,0,0
BRDA:127,10,1,0
BRDA:128,11,0,0
BRDA:128,11,1,0
BRDA:128,12,0,0
BRDA:128,12,1,0
BRDA:129,13,0,0
BRDA:129,13,1,0
BRDA:130,14,0,0
BRDA:130,14,1,0
BRDA:131,15,0,0
BRDA:131,15,1,0
BRDA:132,16,0,0
BRDA:132,16,1,0
BRDA:148,17,0,0
BRDA:151,18,0,0
BRDA:152,19,0,0
BRDA:159,20,0,0
BRDA:160,21,0,0
BRDA:174,22,0,0
BRDA:174,22,1,0
BRDA:175,23,0,0
BRDA:175,23,1,0
BRDA:182,24,0,0
BRDA:182,24,1,0
BRDA:189,25,0,0
BRDA:189,25,1,0
BRDA:190,26,0,0
BRDA:190,26,1,0
BRDA:191,27,0,0
BRDA:191,27,1,0
BRDA:191,28,0,0
BRDA:191,28,1,0
BRDA:191,29,0,0
BRDA:191,29,1,0
BRDA:194,30,0,0
BRDA:194,30,1,0
BRDA:194,31,0,0
BRDA:194,31,1,0
BRDA:198,32,0,0
BRDA:198,32,1,0
BRDA:198,33,0,0
BRDA:198,33,1,0
BRDA:205,34,0,0
BRDA:205,34,1,0
BRDA:219,35,0,0
BRDA:219,35,1,0
BRDA:220,36,0,0
BRDA:220,36,1,0
BRDA:228,37,0,0
BRDA:228,37,1,0
BRDA:228,38,0,0
BRDA:228,38,1,0
BRDA:233,39,0,0
BRDA:233,39,1,0
BRDA:252,40,0,0
BRDA:252,40,1,0
BRDA:252,41,0,0
BRDA:252,41,1,0
BRDA:256,42,0,0
BRDA:256,42,1,0
BRDA:259,43,0,0
BRDA:259,43,1,0
BRDA:262,44,0,0
BRDA:262,44,1,0
BRDA:262,45,0,0
BRDA:262,45,1,0
BRDA:267,46,0,0
BRDA:267,46,1,0
BRDA:287,47,0,0
BRDA:287,47,1,0
BRDA:288,48,0,0
BRDA:288,48,1,0
BRDA:290,49,0,0
BRDA:290,49,1,0
BRDA:306,50,0,0
BRDA:306,50,1,0
BRDA:307,51,0,0
BRDA:307,51,1,0
BRDA:308,52,0,0
BRDA:308,52,1,0
BRDA:315,53,0,0
BRDA:315,53,1,0
BRDA:318,54,0,0
BRDA:318,54,1,0
BRDA:363,55,0,0
BRDA:363,55,1,0
BRDA:372,56,0,0
BRDA:372,56,1,0
BRDA:377,57,0,0
BRDA:377,57,1,0
BRDA:381,58,0,0
BRDA:381,58,1,0
BRDA:381,59,0,0
BRDA:381,59,1,0
BRDA:394,60,0,0
BRDA:394,60,1,0
BRDA:396,61,0,0
BRDA:396,61,1,0
BRDA:397,62,0,0
BRDA:397,62,1,0
BRDA:402,63,0,0
BRDA:402,63,1,0
BRDA:413,64,0,0
BRDA:413,64,1,0
BRDA:418,65,0,0
BRDA:418,65,1,0
BRDA:422,66,0,0
BRDA:422,66,1,0
BRDA:422,67,0,0
BRDA:422,67,1,0
BRDA:439,68,0,0
BRDA:439,68,1,0
BRDA:440,69,0,0
BRDA:440,69,1,0
BRDA:445,70,0,0
BRDA:445,70,1,0
BRDA:456,71,0,0
BRDA:456,71,1,0
BRDA:461,72,0,0
BRDA:461,72,1,0
BRDA:465,73,0,0
BRDA:465,73,1,0
BRDA:465,74,0,0
BRDA:465,74,1,0
BRDA:482,75,0,0
BRDA:482,75,1,0
BRDA:483,76,0,0
BRDA:483,76,1,0
BRDA:488,77,0,0
BRDA:488,77,1,0
BRDA:499,78,0,0
BRDA:499,78,1,0
BRDA:504,79,0,0
BRDA:504,79,1,0
BRDA:508,80,0,0
BRDA:508,80,1,0
BRDA:508,81,0,0
BRDA:508,81,1,0
BRDA:525,82,0,0
BRDA:525,82,1,0
BRDA:526,83,0,0
BRDA:526,83,1,0
BRDA:531,84,0,0
BRDA:531,84,1,0
BRDA:542,85,0,0
BRDA:542,85,1,0
BRDA:555,86,0,0
BRDA:555,86,1,0
BRDA:561,87,0,0
BRDA:561,87,1,0
BRDA:561,88,0,0
BRDA:561,88,1,0
BRDA:570,89,0,0
BRDA:570,89,1,0
BRDA:582,90,0,0
BRDA:582,90,1,0
BRDA:594,91,0,0
BRDA:594,91,1,0
BRDA:600,92,0,0
BRDA:600,92,1,0
BRDA:609,93,0,0
BRDA:609,93,1,0
BRDA:621,94,0,0
BRDA:621,94,1,0
BRDA:633,95,0,0
BRDA:633,95,1,0
BRDA:639,96,0,0
BRDA:639,96,1,0
BRDA:648,97,0,0
BRDA:648,97,1,0
BRDA:660,98,0,0
BRDA:660,98,1,0
BRDA:672,99,0,0
BRDA:672,99,1,0
BRDA:678,100,0,0
BRDA:678,100,1,0
BRDA:678,101,0,0
BRDA:678,101,1,0
BRDA:685,102,0,0
BRDA:685,102,1,0
BRDA:699,103,0,0
BRDA:699,103,1,0
BRDA:711,104,0,0
BRDA:711,104,1,0
BRDA:724,105,0,0
BRDA:724,105,1,0
BRDA:728,106,0,0
BRDA:728,106,1,0
BRDA:733,107,0,0
BRDA:733,107,1,0
BRDA:738,108,0,0
BRDA:738,108,1,0
BRDA:742,109,0,0
BRDA:742,109,1,0
BRDA:748,110,0,0
BRDA:748,110,1,0
BRDA:748,111,0,0
BRDA:748,111,1,0
BRDA:763,112,0,0
BRDA:763,112,1,0
BRDA:770,113,0,0
BRDA:770,113,1,0
BRDA:775,114,0,0
BRDA:775,114,1,0
BRDA:789,115,0,0
BRDA:789,115,1,0
BRDA:789,116,0,0
BRDA:789,116,1,0
BRDA:797,117,0,0
BRDA:797,117,1,0
BRDA:805,118,0,0
BRDA:805,118,1,0
BRDA:806,119,0,0
BRDA:806,119,1,0
BRDA:808,120,0,0
BRDA:808,120,1,0
BRDA:813,121,0,0
BRDA:813,121,1,0
BRDA:816,122,0,0
BRDA:816,122,1,0
BRDA:817,123,0,0
BRDA:817,123,1,0
BRDA:818,124,0,0
BRDA:818,124,1,0
BRDA:823,125,0,0
BRDA:823,125,1,0
BRDA:831,126,0,0
BRDA:831,126,1,0
BRDA:832,127,0,0
BRDA:832,127,1,0
BRDA:841,128,0,0
BRDA:841,128,1,0
BRDA:854,129,0,0
BRDA:854,129,1,0
BRDA:862,130,0,0
BRDA:862,130,1,0
BRDA:880,131,0,0
BRDA:880,131,1,0
BRDA:896,132,0,0
BRDA:896,132,1,0
BRDA:901,133,0,0
BRDA:901,133,1,0
BRDA:901,133,2,0
BRDA:908,134,0,0
BRDA:908,134,1,0
BRDA:930,135,0,0
BRDA:930,135,1,0
BRDA:930,135,2,0
BRDA:936,136,0,0
BRDA:936,136,1,0
BRDA:936,136,2,0
BRDA:942,137,0,0
BRDA:942,137,1,0
BRDA:966,138,0,0
BRDA:966,138,1,0
BRDA:969,139,0,0
BRDA:969,139,1,0
BRDA:987,140,0,0
BRDA:987,140,1,0
BRDA:990,141,0,0
BRDA:990,141,1,0
BRDA:1007,142,0,0
BRDA:1007,142,1,0
BRDA:1010,143,0,0
BRDA:1010,143,1,0
BRDA:1027,144,0,0
BRDA:1027,144,1,0
BRDA:1030,145,0,0
BRDA:1030,145,1,0
BRF:306
BRH:0
end_of_record
TN:
SF:src/components/AdminDashboard.tsx
FN:41,(anonymous_0)
FN:43,(anonymous_1)
FN:53,(anonymous_2)
FN:62,(anonymous_3)
FN:87,(anonymous_4)
FN:91,(anonymous_5)
FN:100,(anonymous_6)
FN:109,(anonymous_7)
FN:113,(anonymous_8)
FN:117,(anonymous_9)
FN:121,(anonymous_10)
FN:139,(anonymous_11)
FN:140,(anonymous_12)
FN:153,(anonymous_13)
FN:172,(anonymous_14)
FN:175,(anonymous_15)
FN:187,(anonymous_16)
FN:189,(anonymous_17)
FN:201,(anonymous_18)
FN:202,(anonymous_19)
FN:216,(anonymous_20)
FN:218,(anonymous_21)
FN:230,(anonymous_22)
FN:231,(anonymous_23)
FN:241,(anonymous_24)
FN:244,(anonymous_25)
FN:251,(anonymous_26)
FN:272,(anonymous_27)
FN:273,(anonymous_28)
FN:288,(anonymous_29)
FN:290,(anonymous_30)
FN:302,(anonymous_31)
FN:303,(anonymous_32)
FN:313,(anonymous_33)
FN:325,(anonymous_34)
FN:327,(anonymous_35)
FN:339,(anonymous_36)
FN:340,(anonymous_37)
FN:365,(anonymous_38)
FN:372,(anonymous_39)
FN:392,(anonymous_40)
FN:399,(anonymous_41)
FN:434,(anonymous_42)
FN:442,(anonymous_43)
FN:458,(anonymous_44)
FN:460,(anonymous_45)
FN:470,(anonymous_46)
FN:491,(anonymous_47)
FN:493,(anonymous_48)
FN:503,(anonymous_49)
FN:505,(anonymous_50)
FN:514,(anonymous_51)
FN:545,(anonymous_52)
FN:546,(anonymous_53)
FN:559,(anonymous_54)
FNF:55
FNH:0
FNDA:0,(anonymous_0)
FNDA:0,(anonymous_1)
FNDA:0,(anonymous_2)
FNDA:0,(anonymous_3)
FNDA:0,(anonymous_4)
FNDA:0,(anonymous_5)
FNDA:0,(anonymous_6)
FNDA:0,(anonymous_7)
FNDA:0,(anonymous_8)
FNDA:0,(anonymous_9)
FNDA:0,(anonymous_10)
FNDA:0,(anonymous_11)
FNDA:0,(anonymous_12)
FNDA:0,(anonymous_13)
FNDA:0,(anonymous_14)
FNDA:0,(anonymous_15)
FNDA:0,(anonymous_16)
FNDA:0,(anonymous_17)
FNDA:0,(anonymous_18)
FNDA:0,(anonymous_19)
FNDA:0,(anonymous_20)
FNDA:0,(anonymous_21)
FNDA:0,(anonymous_22)
FNDA:0,(anonymous_23)
FNDA:0,(anonymous_24)
FNDA:0,(anonymous_25)
FNDA:0,(anonymous_26)
FNDA:0,(anonymous_27)
FNDA:0,(anonymous_28)
FNDA:0,(anonymous_29)
FNDA:0,(anonymous_30)
FNDA:0,(anonymous_31)
FNDA:0,(anonymous_32)
FNDA:0,(anonymous_33)
FNDA:0,(anonymous_34)
FNDA:0,(anonymous_35)
FNDA:0,(anonymous_36)
FNDA:0,(anonymous_37)
FNDA:0,(anonymous_38)
FNDA:0,(anonymous_39)
FNDA:0,(anonymous_40)
FNDA:0,(anonymous_41)
FNDA:0,(anonymous_42)
FNDA:0,(anonymous_43)
FNDA:0,(anonymous_44)
FNDA:0,(anonymous_45)
FNDA:0,(anonymous_46)
FNDA:0,(anonymous_47)
FNDA:0,(anonymous_48)
FNDA:0,(anonymous_49)
FNDA:0,(anonymous_50)
FNDA:0,(anonymous_51)
FNDA:0,(anonymous_52)
FNDA:0,(anonymous_53)
FNDA:0,(anonymous_54)
DA:26,0
DA:27,0
DA:41,0
DA:42,0
DA:43,0
DA:44,0
DA:45,0
DA:53,0
DA:54,0
DA:55,0
DA:56,0
DA:57,0
DA:58,0
DA:59,0
DA:60,0
DA:62,0
DA:63,0
DA:64,0
DA:65,0
DA:66,0
DA:71,0
DA:77,0
DA:78,0
DA:79,0
DA:81,0
DA:83,0
DA:87,0
DA:88,0
DA:91,0
DA:92,0
DA:93,0
DA:94,0
DA:100,0
DA:101,0
DA:109,0
DA:110,0
DA:113,0
DA:114,0
DA:117,0
DA:118,0
DA:122,0
DA:139,0
DA:140,0
DA:153,0
DA:172,0
DA:173,0
DA:176,0
DA:187,0
DA:189,0
DA:201,0
DA:202,0
DA:216,0
DA:218,0
DA:230,0
DA:231,0
DA:241,0
DA:242,0
DA:245,0
DA:252,0
DA:272,0
DA:273,0
DA:288,0
DA:290,0
DA:302,0
DA:303,0
DA:313,0
DA:314,0
DA:325,0
DA:327,0
DA:339,0
DA:340,0
DA:350,0
DA:351,0
DA:359,0
DA:366,0
DA:372,0
DA:393,0
DA:399,0
DA:434,0
DA:435,0
DA:436,0
DA:437,0
DA:438,0
DA:442,0
DA:443,0
DA:444,0
DA:445,0
DA:446,0
DA:458,0
DA:459,0
DA:460,0
DA:461,0
DA:462,0
DA:470,0
DA:472,0
DA:491,0
DA:492,0
DA:493,0
DA:494,0
DA:495,0
DA:503,0
DA:505,0
DA:506,0
DA:514,0
DA:515,0
DA:518,0
DA:540,0
DA:545,0
DA:546,0
DA:557,0
DA:559,0
LF:111
LH:0
BRDA:44,0,0,0
BRDA:44,0,1,0
BRDA:65,1,0,0
BRDA:65,1,1,0
BRDA:65,2,0,0
BRDA:65,2,1,0
BRDA:77,3,0,0
BRDA:77,3,1,0
BRDA:78,4,0,0
BRDA:78,4,1,0
BRDA:79,5,0,0
BRDA:79,5,1,0
BRDA:125,6,0,0
BRDA:125,6,1,0
BRDA:126,7,0,0
BRDA:126,7,1,0
BRDA:126,8,0,0
BRDA:126,8,1,0
BRDA:140,9,0,0
BRDA:140,9,1,0
BRDA:155,10,0,0
BRDA:155,10,1,0
BRDA:189,11,0,0
BRDA:189,11,1,0
BRDA:201,12,0,0
BRDA:202,13,0,0
BRDA:218,14,0,0
BRDA:218,14,1,0
BRDA:230,15,0,0
BRDA:231,16,0,0
BRDA:247,17,0,0
BRDA:247,17,1,0
BRDA:255,18,0,0
BRDA:255,18,1,0
BRDA:255,19,0,0
BRDA:255,19,1,0
BRDA:258,20,0,0
BRDA:258,20,1,0
BRDA:273,21,0,0
BRDA:273,21,1,0
BRDA:290,22,0,0
BRDA:290,22,1,0
BRDA:302,23,0,0
BRDA:303,24,0,0
BRDA:327,25,0,0
BRDA:327,25,1,0
BRDA:339,26,0,0
BRDA:340,27,0,0
BRDA:350,28,0,0
BRDA:350,28,1,0
BRDA:370,29,0,0
BRDA:370,29,1,0
BRDA:376,30,0,0
BRDA:376,30,1,0
BRDA:397,31,0,0
BRDA:397,31,1,0
BRDA:404,32,0,0
BRDA:404,32,1,0
BRDA:408,33,0,0
BRDA:408,33,1,0
BRDA:424,34,0,0
BRDA:424,34,1,0
BRDA:425,35,0,0
BRDA:425,35,1,0
BRDA:426,36,0,0
BRDA:426,36,1,0
BRDA:427,37,0,0
BRDA:427,37,1,0
BRDA:435,38,0,0
BRDA:435,38,1,0
BRDA:435,38,2,0
BRDA:443,39,0,0
BRDA:443,39,1,0
BRDA:443,39,2,0
BRDA:461,40,0,0
BRDA:461,40,1,0
BRDA:494,41,0,0
BRDA:494,41,1,0
BRDA:523,42,0,0
BRDA:523,42,1,0
BRDA:523,43,0,0
BRDA:523,43,1,0
BRDA:526,44,0,0
BRDA:526,44,1,0
BRDA:529,45,0,0
BRDA:529,45,1,0
BRDA:532,46,0,0
BRDA:532,46,1,0
BRDA:545,47,0,0
BRDA:546,48,0,0
BRF:90
BRH:0
end_of_record
TN:
SF:src/components/AffirmationCard.tsx
FN:14,(anonymous_0)
FNF:1
FNH:0
FNDA:0,(anonymous_0)
DA:14,0
DA:19,0
DA:29,0
DA:36,0
LF:4
LH:0
BRDA:16,0,0,0
BRDA:17,1,0,0
BRF:2
BRH:0
end_of_record
TN:
SF:src/components/AuthGuard.tsx
FN:17,(anonymous_0)
FN:42,(anonymous_1)
FNF:2
FNH:0
FNDA:0,(anonymous_0)
FNDA:0,(anonymous_1)
DA:17,0
DA:21,0
DA:26,0
DA:28,0
DA:40,0
DA:42,0
DA:47,0
DA:50,0
LF:8
LH:0
BRDA:26,0,0,0
BRDA:26,0,1,0
BRDA:40,1,0,0
BRDA:40,1,1,0
BRDA:42,2,0,0
BRDA:42,2,1,0
BRF:6
BRH:0
end_of_record
TN:
SF:src/components/AuthStateMonitor.tsx
FN:7,(anonymous_0)
FN:21,(anonymous_1)
FN:24,(anonymous_2)
FN:45,(anonymous_3)
FN:57,(anonymous_4)
FN:67,(anonymous_5)
FN:76,(anonymous_6)
FN:85,(anonymous_7)
FN:91,(anonymous_8)
FN:98,(anonymous_9)
FN:103,(anonymous_10)
FN:114,(anonymous_11)
FN:134,(anonymous_12)
FN:146,(anonymous_13)
FN:181,(anonymous_14)
FN:230,(anonymous_15)
FN:231,(anonymous_16)
FN:235,(anonymous_17)
FN:249,(anonymous_18)
FN:253,(anonymous_19)
FN:255,(anonymous_20)
FN:260,(anonymous_21)
FN:268,(anonymous_22)
FN:270,(anonymous_23)
FN:279,(anonymous_24)
FN:285,(anonymous_25)
FN:287,(anonymous_26)
FN:302,(anonymous_27)
FN:311,(anonymous_28)
FNF:29
FNH:0
FNDA:0,(anonymous_0)
FNDA:0,(anonymous_1)
FNDA:0,(anonymous_2)
FNDA:0,(anonymous_3)
FNDA:0,(anonymous_4)
FNDA:0,(anonymous_5)
FNDA:0,(anonymous_6)
FNDA:0,(anonymous_7)
FNDA:0,(anonymous_8)
FNDA:0,(anonymous_9)
FNDA:0,(anonymous_10)
FNDA:0,(anonymous_11)
FNDA:0,(anonymous_12)
FNDA:0,(anonymous_13)
FNDA:0,(anonymous_14)
FNDA:0,(anonymous_15)
FNDA:0,(anonymous_16)
FNDA:0,(anonymous_17)
FNDA:0,(anonymous_18)
FNDA:0,(anonymous_19)
FNDA:0,(anonymous_20)
FNDA:0,(anonymous_21)
FNDA:0,(anonymous_22)
FNDA:0,(anonymous_23)
FNDA:0,(anonymous_24)
FNDA:0,(anonymous_25)
FNDA:0,(anonymous_26)
FNDA:0,(anonymous_27)
FNDA:0,(anonymous_28)
DA:7,0
DA:8,0
DA:9,0
DA:10,0
DA:21,0
DA:24,0
DA:25,0
DA:26,0
DA:27,0
DA:39,0
DA:40,0
DA:44,0
DA:45,0
DA:57,0
DA:58,0
DA:59,0
DA:60,0
DA:61,0
DA:62,0
DA:63,0
DA:64,0
DA:67,0
DA:68,0
DA:70,0
DA:78,0
DA:85,0
DA:91,0
DA:92,0
DA:114,0
DA:116,0
DA:118,0
DA:121,0
DA:122,0
DA:124,0
DA:125,0
DA:127,0
DA:129,0
DA:132,0
DA:134,0
DA:135,0
DA:136,0
DA:137,0
DA:140,0
DA:143,0
DA:144,0
DA:146,0
DA:147,0
DA:149,0
DA:151,0
DA:152,0
DA:153,0
DA:155,0
DA:156,0
DA:159,0
DA:162,0
DA:165,0
DA:167,0
DA:169,0
DA:172,0
DA:174,0
DA:175,0
DA:181,0
DA:183,0
DA:185,0
DA:188,0
DA:189,0
DA:191,0
DA:192,0
DA:194,0
DA:197,0
DA:198,0
DA:200,0
DA:201,0
DA:203,0
DA:205,0
DA:206,0
DA:209,0
DA:214,0
DA:215,0
DA:216,0
DA:220,0
DA:221,0
DA:224,0
DA:230,0
DA:231,0
DA:233,0
DA:235,0
DA:236,0
DA:238,0
DA:245,0
DA:248,0
DA:249,0
DA:253,0
DA:254,0
DA:255,0
DA:256,0
DA:260,0
DA:261,0
DA:262,0
DA:268,0
DA:270,0
DA:271,0
DA:274,0
DA:275,0
DA:279,0
DA:280,0
DA:285,0
DA:287,0
DA:288,0
DA:290,0
DA:291,0
DA:297,0
DA:302,0
DA:303,0
DA:304,0
DA:306,0
DA:311,0
DA:312,0
DA:314,0
DA:318,0
LF:120
LH:0
BRDA:8,0,0,0
BRDA:8,0,1,0
BRDA:9,1,0,0
BRDA:9,1,1,0
BRDA:9,1,2,0
BRDA:25,2,0,0
BRDA:25,2,1,0
BRDA:39,3,0,0
BRDA:39,3,1,0
BRDA:39,4,0,0
BRDA:39,4,1,0
BRDA:44,5,0,0
BRDA:44,5,1,0
BRDA:44,5,2,0
BRDA:116,6,0,0
BRDA:116,6,1,0
BRDA:124,7,0,0
BRDA:124,7,1,0
BRDA:127,8,0,0
BRDA:127,8,1,0
BRDA:132,9,0,0
BRDA:132,9,1,0
BRDA:136,10,0,0
BRDA:136,10,1,0
BRDA:143,11,0,0
BRDA:143,11,1,0
BRDA:143,12,0,0
BRDA:143,12,1,0
BRDA:149,13,0,0
BRDA:149,13,1,0
BRDA:153,14,0,0
BRDA:153,14,1,0
BRDA:167,15,0,0
BRDA:167,15,1,0
BRDA:174,16,0,0
BRDA:174,16,1,0
BRDA:174,17,0,0
BRDA:174,17,1,0
BRDA:183,18,0,0
BRDA:183,18,1,0
BRDA:191,19,0,0
BRDA:191,19,1,0
BRDA:197,20,0,0
BRDA:197,20,1,0
BRDA:197,21,0,0
BRDA:197,21,1,0
BRDA:203,22,0,0
BRDA:203,22,1,0
BRDA:203,23,0,0
BRDA:203,23,1,0
BRDA:214,24,0,0
BRDA:214,24,1,0
BRDA:215,25,0,0
BRDA:215,25,1,0
BRDA:220,26,0,0
BRDA:220,26,1,0
BRDA:233,27,0,0
BRDA:233,27,1,0
BRDA:233,28,0,0
BRDA:233,28,1,0
BRDA:236,29,0,0
BRDA:236,29,1,0
BRDA:254,30,0,0
BRDA:254,30,1,0
BRDA:254,31,0,0
BRDA:254,31,1,0
BRDA:261,32,0,0
BRDA:261,32,1,0
BRDA:274,33,0,0
BRDA:274,33,1,0
BRDA:290,34,0,0
BRDA:290,34,1,0
BRDA:303,35,0,0
BRDA:303,35,1,0
BRDA:312,36,0,0
BRDA:312,36,1,0
BRDA:312,37,0,0
BRDA:312,37,1,0
BRF:78
BRH:0
end_of_record
TN:
SF:src/components/BibleCopyrightModal.tsx
FN:14,(anonymous_0)
FN:55,(anonymous_1)
FN:75,(anonymous_2)
FNF:3
FNH:0
FNDA:0,(anonymous_0)
FNDA:0,(anonymous_1)
FNDA:0,(anonymous_2)
DA:14,0
DA:15,0
DA:48,0
DA:55,0
DA:60,0
DA:62,0
DA:76,0
DA:77,0
DA:106,0
LF:9
LH:0
BRDA:48,0,0,0
BRDA:48,0,1,0
BRF:2
BRH:0
end_of_record
TN:
SF:src/components/BibleVerseCard.tsx
FN:24,BibleVerseCard
FN:59,(anonymous_1)
FN:80,(anonymous_2)
FNF:3
FNH:0
FNDA:0,BibleVerseCard
FNDA:0,(anonymous_1)
FNDA:0,(anonymous_2)
DA:26,0
DA:27,0
DA:28,0
DA:60,0
DA:61,0
DA:80,0
DA:87,0
LF:7
LH:0
BRDA:24,0,0,0
BRDA:24,1,0,0
BRDA:24,2,0,0
BRDA:24,3,0,0
BRDA:27,4,0,0
BRDA:27,4,1,0
BRDA:43,5,0,0
BRDA:43,5,1,0
BRDA:44,6,0,0
BRDA:44,6,1,0
BRDA:50,7,0,0
BRDA:50,7,1,0
BRF:12
BRH:0
end_of_record
TN:
SF:src/components/CalendarSyncButton.tsx
FN:48,(anonymous_0)
FN:66,(anonymous_1)
FN:135,(anonymous_2)
FN:163,(anonymous_3)
FN:174,(anonymous_4)
FN:203,(anonymous_5)
FN:218,(anonymous_6)
FN:237,(anonymous_7)
FN:261,(anonymous_8)
FNF:9
FNH:0
FNDA:0,(anonymous_0)
FNDA:0,(anonymous_1)
FNDA:0,(anonymous_2)
FNDA:0,(anonymous_3)
FNDA:0,(anonymous_4)
FNDA:0,(anonymous_5)
FNDA:0,(anonymous_6)
FNDA:0,(anonymous_7)
FNDA:0,(anonymous_8)
DA:48,0
DA:54,0
DA:55,0
DA:56,0
DA:57,0
DA:60,0
DA:61,0
DA:64,0
DA:66,0
DA:68,0
DA:70,0
DA:73,0
DA:75,0
DA:76,0
DA:79,0
DA:80,0
DA:81,0
DA:83,0
DA:87,0
DA:89,0
DA:96,0
DA:101,0
DA:111,0
DA:112,0
DA:113,0
DA:114,0
DA:116,0
DA:118,0
DA:125,0
DA:127,0
DA:128,0
DA:136,0
DA:142,0
DA:150,0
DA:151,0
DA:152,0
DA:158,0
DA:159,0
DA:163,0
DA:164,0
DA:166,0
DA:175,0
DA:177,0
DA:178,0
DA:180,0
DA:181,0
DA:182,0
DA:183,0
DA:185,0
DA:192,0
DA:193,0
DA:195,0
DA:203,0
DA:204,0
DA:205,0
DA:208,0
DA:210,0
DA:212,0
DA:214,0
DA:218,0
DA:219,0
DA:220,0
DA:223,0
DA:224,0
DA:227,0
DA:229,0
DA:231,0
DA:233,0
DA:237,0
DA:238,0
DA:239,0
DA:242,0
DA:243,0
DA:247,0
DA:248,0
DA:251,0
DA:253,0
DA:255,0
DA:257,0
DA:261,0
DA:262,0
DA:263,0
DA:265,0
DA:269,0
DA:288,0
LF:85
LH:0
BRDA:52,0,0,0
BRDA:57,1,0,0
BRDA:57,1,1,0
BRDA:60,2,0,0
BRDA:60,2,1,0
BRDA:61,3,0,0
BRDA:61,3,1,0
BRDA:68,4,0,0
BRDA:68,4,1,0
BRDA:68,5,0,0
BRDA:68,5,1,0
BRDA:73,6,0,0
BRDA:73,6,1,0
BRDA:87,7,0,0
BRDA:87,7,1,0
BRDA:111,8,0,0
BRDA:111,8,1,0
BRDA:111,9,0,0
BRDA:111,9,1,0
BRDA:116,10,0,0
BRDA:116,10,1,0
BRDA:127,11,0,0
BRDA:127,11,1,0
BRDA:144,12,0,0
BRDA:144,12,1,0
BRDA:164,13,0,0
BRDA:164,13,1,0
BRDA:180,14,0,0
BRDA:180,14,1,0
BRDA:187,15,0,0
BRDA:187,15,1,0
BRDA:204,16,0,0
BRDA:204,16,1,0
BRDA:208,17,0,0
BRDA:208,17,1,0
BRDA:208,17,2,0
BRDA:219,18,0,0
BRDA:219,18,1,0
BRDA:223,19,0,0
BRDA:223,19,1,0
BRDA:227,20,0,0
BRDA:227,20,1,0
BRDA:227,20,2,0
BRDA:238,21,0,0
BRDA:238,21,1,0
BRDA:239,22,0,0
BRDA:239,22,1,0
BRDA:242,23,0,0
BRDA:242,23,1,0
BRDA:243,24,0,0
BRDA:243,24,1,0
BRDA:247,25,0,0
BRDA:247,25,1,0
BRDA:247,26,0,0
BRDA:247,26,1,0
BRDA:248,27,0,0
BRDA:248,27,1,0
BRDA:251,28,0,0
BRDA:251,28,1,0
BRDA:251,28,2,0
BRDA:253,29,0,0
BRDA:253,29,1,0
BRDA:255,30,0,0
BRDA:255,30,1,0
BRDA:257,31,0,0
BRDA:257,31,1,0
BRDA:262,32,0,0
BRDA:262,32,1,0
BRDA:278,33,0,0
BRDA:278,33,1,0
BRF:70
BRH:0
end_of_record
TN:
SF:src/components/CompactHeader.tsx
FN:13,(anonymous_0)
FNF:1
FNH:0
FNDA:0,(anonymous_0)
DA:13,0
DA:20,0
DA:42,0
LF:3
LH:0
BRDA:22,0,0,0
BRDA:22,0,1,0
BRF:2
BRH:0
end_of_record
TN:
SF:src/components/DeleteTimeBlockModal.tsx
FN:34,(anonymous_0)
FN:44,(anonymous_1)
FN:52,(anonymous_2)
FN:96,(anonymous_3)
FN:116,(anonymous_4)
FN:139,(anonymous_5)
FN:178,(anonymous_6)
FN:201,(anonymous_7)
FNF:8
FNH:0
FNDA:0,(anonymous_0)
FNDA:0,(anonymous_1)
FNDA:0,(anonymous_2)
FNDA:0,(anonymous_3)
FNDA:0,(anonymous_4)
FNDA:0,(anonymous_5)
FNDA:0,(anonymous_6)
FNDA:0,(anonymous_7)
DA:34,0
DA:44,0
DA:45,0
DA:46,0
DA:52,0
DA:53,0
DA:61,0
DA:96,0
DA:116,0
DA:139,0
DA:178,0
DA:202,0
DA:203,0
DA:217,0
LF:14
LH:0
BRDA:91,0,0,0
BRDA:91,0,1,0
BRDA:91,1,0,0
BRDA:91,1,1,0
BRDA:134,2,0,0
BRDA:134,2,1,0
BRDA:134,3,0,0
BRDA:134,3,1,0
BRF:8
BRH:0
end_of_record
TN:
SF:src/components/DevotionalButton.tsx
FN:11,(anonymous_0)
FNF:1
FNH:0
FNDA:0,(anonymous_0)
DA:11,0
DA:12,0
DA:14,0
DA:27,0
LF:4
LH:0
BRDA:12,0,0,0
BRDA:12,0,1,0
BRF:2
BRH:0
end_of_record
TN:
SF:src/components/DevotionalCompletionModal.tsx
FN:26,(anonymous_0)
FN:39,(anonymous_1)
FN:63,(anonymous_2)
FN:83,(anonymous_3)
FN:103,(anonymous_4)
FN:105,(anonymous_5)
FN:119,(anonymous_6)
FN:121,(anonymous_7)
FN:137,(anonymous_8)
FN:143,(anonymous_9)
FN:144,(anonymous_10)
FN:144,(anonymous_11)
FN:144,(anonymous_12)
FN:160,(anonymous_13)
FN:189,(anonymous_14)
FN:200,(anonymous_15)
FN:206,(anonymous_16)
FN:227,(anonymous_17)
FN:262,(anonymous_18)
FN:278,(anonymous_19)
FN:286,(anonymous_20)
FN:295,(anonymous_21)
FN:298,(anonymous_22)
FN:301,(anonymous_23)
FN:333,(anonymous_24)
FN:390,(anonymous_25)
FN:499,(anonymous_26)
FN:569,(anonymous_27)
FNF:28
FNH:0
FNDA:0,(anonymous_0)
FNDA:0,(anonymous_1)
FNDA:0,(anonymous_2)
FNDA:0,(anonymous_3)
FNDA:0,(anonymous_4)
FNDA:0,(anonymous_5)
FNDA:0,(anonymous_6)
FNDA:0,(anonymous_7)
FNDA:0,(anonymous_8)
FNDA:0,(anonymous_9)
FNDA:0,(anonymous_10)
FNDA:0,(anonymous_11)
FNDA:0,(anonymous_12)
FNDA:0,(anonymous_13)
FNDA:0,(anonymous_14)
FNDA:0,(anonymous_15)
FNDA:0,(anonymous_16)
FNDA:0,(anonymous_17)
FNDA:0,(anonymous_18)
FNDA:0,(anonymous_19)
FNDA:0,(anonymous_20)
FNDA:0,(anonymous_21)
FNDA:0,(anonymous_22)
FNDA:0,(anonymous_23)
FNDA:0,(anonymous_24)
FNDA:0,(anonymous_25)
FNDA:0,(anonymous_26)
FNDA:0,(anonymous_27)
DA:23,0
DA:26,0
DA:27,0
DA:28,0
DA:29,0
DA:31,0
DA:32,0
DA:33,0
DA:34,0
DA:39,0
DA:40,0
DA:41,0
DA:42,0
DA:44,0
DA:45,0
DA:46,0
DA:47,0
DA:63,0
DA:73,0
DA:74,0
DA:75,0
DA:76,0
DA:77,0
DA:78,0
DA:79,0
DA:80,0
DA:83,0
DA:85,0
DA:86,0
DA:100,0
DA:101,0
DA:103,0
DA:104,0
DA:105,0
DA:106,0
DA:107,0
DA:119,0
DA:121,0
DA:122,0
DA:132,0
DA:133,0
DA:134,0
DA:135,0
DA:136,0
DA:137,0
DA:138,0
DA:143,0
DA:144,0
DA:148,0
DA:151,0
DA:152,0
DA:153,0
DA:155,0
DA:156,0
DA:157,0
DA:160,0
DA:163,0
DA:165,0
DA:166,0
DA:169,0
DA:170,0
DA:171,0
DA:173,0
DA:189,0
DA:190,0
DA:191,0
DA:200,0
DA:201,0
DA:208,0
DA:210,0
DA:213,0
DA:215,0
DA:216,0
DA:218,0
DA:219,0
DA:221,0
DA:224,0
DA:227,0
DA:229,0
DA:232,0
DA:239,0
DA:242,0
DA:244,0
DA:247,0
DA:248,0
DA:249,0
DA:250,0
DA:251,0
DA:262,0
DA:264,0
DA:265,0
DA:279,0
DA:280,0
DA:281,0
DA:282,0
DA:286,0
DA:287,0
DA:289,0
DA:290,0
DA:292,0
DA:295,0
DA:296,0
DA:299,0
DA:301,0
DA:317,0
DA:322,0
DA:327,0
DA:333,0
DA:335,0
DA:391,0
DA:395,0
DA:399,0
DA:403,0
DA:408,0
DA:416,0
DA:500,0
DA:504,0
DA:508,0
DA:512,0
DA:517,0
DA:525,0
DA:569,0
DA:596,0
LF:123
LH:0
BRDA:29,0,0,0
BRDA:29,0,1,0
BRDA:32,1,0,0
BRDA:32,1,1,0
BRDA:33,2,0,0
BRDA:33,2,1,0
BRDA:42,3,0,0
BRDA:42,3,1,0
BRDA:45,4,0,0
BRDA:45,4,1,0
BRDA:46,5,0,0
BRDA:46,5,1,0
BRDA:103,6,0,0
BRDA:136,7,0,0
BRDA:136,7,1,0
BRDA:148,8,0,0
BRDA:148,8,1,0
BRDA:152,9,0,0
BRDA:152,9,1,0
BRDA:153,10,0,0
BRDA:153,10,1,0
BRDA:163,11,0,0
BRDA:163,11,1,0
BRDA:163,12,0,0
BRDA:163,12,1,0
BRDA:163,12,2,0
BRDA:213,13,0,0
BRDA:213,13,1,0
BRDA:218,14,0,0
BRDA:218,14,1,0
BRDA:239,15,0,0
BRDA:239,15,1,0
BRDA:242,16,0,0
BRDA:242,16,1,0
BRDA:242,17,0,0
BRDA:242,17,1,0
BRDA:244,18,0,0
BRDA:244,18,1,0
BRDA:244,19,0,0
BRDA:244,19,1,0
BRDA:306,20,0,0
BRDA:306,20,1,0
BRDA:364,21,0,0
BRDA:364,21,1,0
BRDA:372,22,0,0
BRDA:372,22,1,0
BRDA:388,23,0,0
BRDA:388,23,1,0
BRDA:448,24,0,0
BRDA:448,24,1,0
BRDA:472,25,0,0
BRDA:472,25,1,0
BRDA:479,26,0,0
BRDA:479,26,1,0
BRDA:479,27,0,0
BRDA:479,27,1,0
BRDA:497,28,0,0
BRDA:497,28,1,0
BRDA:579,29,0,0
BRDA:579,29,1,0
BRDA:579,29,2,0
BRDA:584,30,0,0
BRDA:584,30,1,0
BRF:63
BRH:0
end_of_record
TN:
SF:src/components/DevotionalLockIcon.tsx
FN:31,(anonymous_0)
FN:49,(anonymous_1)
FNF:2
FNH:0
FNDA:0,(anonymous_0)
FNDA:0,(anonymous_1)
DA:31,0
DA:42,0
DA:45,0
DA:46,0
DA:49,0
DA:51,0
DA:52,0
DA:56,0
DA:63,0
DA:86,0
LF:10
LH:0
BRDA:34,0,0,0
BRDA:36,1,0,0
BRDA:37,2,0,0
BRDA:39,3,0,0
BRDA:45,4,0,0
BRDA:45,4,1,0
BRDA:51,5,0,0
BRDA:51,5,1,0
BRDA:58,6,0,0
BRDA:58,6,1,0
BRDA:59,7,0,0
BRDA:59,7,1,0
BRDA:76,8,0,0
BRDA:76,8,1,0
BRF:14
BRH:0
end_of_record
TN:
SF:src/components/DevotionalModal.tsx
FN:20,getNextAppleMonthlyResetDate
FN:82,(anonymous_1)
FN:116,(anonymous_2)
FN:123,(anonymous_3)
FN:131,(anonymous_4)
FN:135,(anonymous_5)
FN:151,(anonymous_6)
FN:161,(anonymous_7)
FN:164,(anonymous_8)
FN:172,(anonymous_9)
FN:180,(anonymous_10)
FN:182,(anonymous_11)
FN:186,(anonymous_12)
FN:195,(anonymous_13)
FN:202,(anonymous_14)
FN:204,(anonymous_15)
FN:204,(anonymous_16)
FN:205,(anonymous_17)
FN:209,(anonymous_18)
FN:211,(anonymous_19)
FN:212,(anonymous_20)
FN:229,(anonymous_21)
FN:232,(anonymous_22)
FN:234,(anonymous_23)
FN:241,(anonymous_24)
FN:244,(anonymous_25)
FN:245,(anonymous_26)
FN:251,(anonymous_27)
FN:254,(anonymous_28)
FN:262,(anonymous_29)
FN:299,(anonymous_30)
FN:308,(anonymous_31)
FN:319,(anonymous_32)
FN:320,(anonymous_33)
FN:332,(anonymous_34)
FN:357,(anonymous_35)
FN:408,(anonymous_36)
FN:433,(anonymous_37)
FN:434,(anonymous_38)
FN:437,(anonymous_39)
FN:457,(anonymous_40)
FN:474,(anonymous_41)
FN:497,(anonymous_42)
FN:509,(anonymous_43)
FN:523,(anonymous_44)
FN:545,(anonymous_45)
FN:612,(anonymous_46)
FN:641,(anonymous_47)
FN:648,(anonymous_48)
FN:659,(anonymous_49)
FN:684,(anonymous_50)
FN:719,(anonymous_51)
FN:721,(anonymous_52)
FN:738,(anonymous_53)
FN:763,(anonymous_54)
FN:782,(anonymous_55)
FN:797,(anonymous_56)
FN:855,(anonymous_57)
FN:864,(anonymous_58)
FN:880,(anonymous_59)
FN:898,(anonymous_60)
FNF:61
FNH:0
FNDA:0,getNextAppleMonthlyResetDate
FNDA:0,(anonymous_1)
FNDA:0,(anonymous_2)
FNDA:0,(anonymous_3)
FNDA:0,(anonymous_4)
FNDA:0,(anonymous_5)
FNDA:0,(anonymous_6)
FNDA:0,(anonymous_7)
FNDA:0,(anonymous_8)
FNDA:0,(anonymous_9)
FNDA:0,(anonymous_10)
FNDA:0,(anonymous_11)
FNDA:0,(anonymous_12)
FNDA:0,(anonymous_13)
FNDA:0,(anonymous_14)
FNDA:0,(anonymous_15)
FNDA:0,(anonymous_16)
FNDA:0,(anonymous_17)
FNDA:0,(anonymous_18)
FNDA:0,(anonymous_19)
FNDA:0,(anonymous_20)
FNDA:0,(anonymous_21)
FNDA:0,(anonymous_22)
FNDA:0,(anonymous_23)
FNDA:0,(anonymous_24)
FNDA:0,(anonymous_25)
FNDA:0,(anonymous_26)
FNDA:0,(anonymous_27)
FNDA:0,(anonymous_28)
FNDA:0,(anonymous_29)
FNDA:0,(anonymous_30)
FNDA:0,(anonymous_31)
FNDA:0,(anonymous_32)
FNDA:0,(anonymous_33)
FNDA:0,(anonymous_34)
FNDA:0,(anonymous_35)
FNDA:0,(anonymous_36)
FNDA:0,(anonymous_37)
FNDA:0,(anonymous_38)
FNDA:0,(anonymous_39)
FNDA:0,(anonymous_40)
FNDA:0,(anonymous_41)
FNDA:0,(anonymous_42)
FNDA:0,(anonymous_43)
FNDA:0,(anonymous_44)
FNDA:0,(anonymous_45)
FNDA:0,(anonymous_46)
FNDA:0,(anonymous_47)
FNDA:0,(anonymous_48)
FNDA:0,(anonymous_49)
FNDA:0,(anonymous_50)
FNDA:0,(anonymous_51)
FNDA:0,(anonymous_52)
FNDA:0,(anonymous_53)
FNDA:0,(anonymous_54)
FNDA:0,(anonymous_55)
FNDA:0,(anonymous_56)
FNDA:0,(anonymous_57)
FNDA:0,(anonymous_58)
FNDA:0,(anonymous_59)
FNDA:0,(anonymous_60)
DA:16,0
DA:21,0
DA:22,0
DA:24,0
DA:26,0
DA:27,0
DA:31,0
DA:32,0
DA:33,0
DA:36,0
DA:37,0
DA:39,0
DA:48,0
DA:82,0
DA:91,0
DA:92,0
DA:93,0
DA:94,0
DA:95,0
DA:96,0
DA:97,0
DA:98,0
DA:99,0
DA:100,0
DA:101,0
DA:102,0
DA:103,0
DA:104,0
DA:113,0
DA:116,0
DA:117,0
DA:118,0
DA:123,0
DA:124,0
DA:126,0
DA:131,0
DA:135,0
DA:136,0
DA:140,0
DA:143,0
DA:146,0
DA:147,0
DA:148,0
DA:149,0
DA:150,0
DA:151,0
DA:160,0
DA:161,0
DA:164,0
DA:165,0
DA:166,0
DA:168,0
DA:172,0
DA:177,0
DA:180,0
DA:181,0
DA:182,0
DA:183,0
DA:187,0
DA:188,0
DA:192,0
DA:193,0
DA:195,0
DA:196,0
DA:197,0
DA:202,0
DA:203,0
DA:204,0
DA:205,0
DA:209,0
DA:210,0
DA:211,0
DA:212,0
DA:213,0
DA:214,0
DA:215,0
DA:221,0
DA:222,0
DA:223,0
DA:226,0
DA:229,0
DA:232,0
DA:233,0
DA:234,0
DA:235,0
DA:241,0
DA:242,0
DA:244,0
DA:245,0
DA:246,0
DA:247,0
DA:251,0
DA:254,0
DA:255,0
DA:256,0
DA:257,0
DA:259,0
DA:260,0
DA:262,0
DA:263,0
DA:267,0
DA:279,0
DA:282,0
DA:285,0
DA:299,0
DA:300,0
DA:301,0
DA:303,0
DA:308,0
DA:309,0
DA:310,0
DA:311,0
DA:313,0
DA:314,0
DA:319,0
DA:320,0
DA:321,0
DA:322,0
DA:328,0
DA:332,0
DA:335,0
DA:336,0
DA:337,0
DA:338,0
DA:341,0
DA:343,0
DA:344,0
DA:349,0
DA:352,0
DA:355,0
DA:357,0
DA:362,0
DA:363,0
DA:365,0
DA:373,0
DA:374,0
DA:378,0
DA:380,0
DA:382,0
DA:383,0
DA:389,0
DA:392,0
DA:393,0
DA:395,0
DA:396,0
DA:397,0
DA:401,0
DA:404,0
DA:406,0
DA:407,0
DA:408,0
DA:413,0
DA:419,0
DA:420,0
DA:423,0
DA:424,0
DA:426,0
DA:427,0
DA:433,0
DA:434,0
DA:437,0
DA:438,0
DA:440,0
DA:441,0
DA:448,0
DA:449,0
DA:457,0
DA:459,0
DA:462,0
DA:475,0
DA:476,0
DA:478,0
DA:480,0
DA:485,0
DA:490,0
DA:492,0
DA:497,0
DA:509,0
DA:523,0
DA:545,0
DA:612,0
DA:641,0
DA:649,0
DA:650,0
DA:652,0
DA:659,0
DA:685,0
DA:686,0
DA:720,0
DA:721,0
DA:722,0
DA:739,0
DA:740,0
DA:763,0
DA:783,0
DA:784,0
DA:798,0
DA:799,0
DA:800,0
DA:802,0
DA:803,0
DA:805,0
DA:807,0
DA:810,0
DA:816,0
DA:817,0
DA:824,0
DA:825,0
DA:826,0
DA:827,0
DA:829,0
DA:834,0
DA:835,0
DA:839,0
DA:840,0
DA:841,0
DA:842,0
DA:843,0
DA:844,0
DA:850,0
DA:856,0
DA:857,0
DA:858,0
DA:860,0
DA:865,0
DA:866,0
DA:876,0
DA:881,0
DA:882,0
DA:883,0
DA:884,0
DA:899,0
DA:900,0
DA:919,0
LF:234
LH:0
BRDA:22,0,0,0
BRDA:22,0,1,0
BRDA:31,1,0,0
BRDA:31,1,1,0
BRDA:32,2,0,0
BRDA:32,2,1,0
BRDA:94,3,0,0
BRDA:94,3,1,0
BRDA:117,4,0,0
BRDA:117,4,1,0
BRDA:124,5,0,0
BRDA:124,5,1,0
BRDA:160,6,0,0
BRDA:160,6,1,0
BRDA:165,7,0,0
BRDA:165,7,1,0
BRDA:187,8,0,0
BRDA:187,8,1,0
BRDA:187,9,0,0
BRDA:187,9,1,0
BRDA:187,9,2,0
BRDA:187,9,3,0
BRDA:192,10,0,0
BRDA:192,10,1,0
BRDA:192,11,0,0
BRDA:192,11,1,0
BRDA:203,12,0,0
BRDA:203,12,1,0
BRDA:203,13,0,0
BRDA:203,13,1,0
BRDA:210,14,0,0
BRDA:210,14,1,0
BRDA:210,15,0,0
BRDA:210,15,1,0
BRDA:216,16,0,0
BRDA:216,16,1,0
BRDA:221,17,0,0
BRDA:221,17,1,0
BRDA:226,18,0,0
BRDA:226,18,1,0
BRDA:233,19,0,0
BRDA:233,19,1,0
BRDA:242,20,0,0
BRDA:242,20,1,0
BRDA:246,21,0,0
BRDA:246,21,1,0
BRDA:259,22,0,0
BRDA:259,22,1,0
BRDA:300,23,0,0
BRDA:300,23,1,0
BRDA:300,24,0,0
BRDA:300,24,1,0
BRDA:310,25,0,0
BRDA:310,25,1,0
BRDA:313,26,0,0
BRDA:313,26,1,0
BRDA:323,27,0,0
BRDA:323,27,1,0
BRDA:335,28,0,0
BRDA:335,28,1,0
BRDA:336,29,0,0
BRDA:336,29,1,0
BRDA:337,30,0,0
BRDA:337,30,1,0
BRDA:341,31,0,0
BRDA:341,31,1,0
BRDA:341,32,0,0
BRDA:341,32,1,0
BRDA:352,33,0,0
BRDA:352,33,1,0
BRDA:362,34,0,0
BRDA:362,34,1,0
BRDA:368,35,0,0
BRDA:368,35,1,0
BRDA:369,36,0,0
BRDA:369,36,1,0
BRDA:370,37,0,0
BRDA:370,37,1,0
BRDA:378,38,0,0
BRDA:378,38,1,0
BRDA:380,39,0,0
BRDA:380,39,1,0
BRDA:395,40,0,0
BRDA:395,40,1,0
BRDA:401,41,0,0
BRDA:401,41,1,0
BRDA:401,42,0,0
BRDA:401,42,1,0
BRDA:407,43,0,0
BRDA:407,43,1,0
BRDA:419,44,0,0
BRDA:419,44,1,0
BRDA:423,45,0,0
BRDA:423,45,1,0
BRDA:423,46,0,0
BRDA:423,46,1,0
BRDA:475,47,0,0
BRDA:475,47,1,0
BRDA:480,48,0,0
BRDA:480,48,1,0
BRDA:490,49,0,0
BRDA:490,49,1,0
BRDA:490,50,0,0
BRDA:490,50,1,0
BRDA:541,51,0,0
BRDA:541,51,1,0
BRDA:541,51,2,0
BRDA:560,52,0,0
BRDA:560,52,1,0
BRDA:562,53,0,0
BRDA:562,53,1,0
BRDA:568,54,0,0
BRDA:568,54,1,0
BRDA:568,55,0,0
BRDA:568,55,1,0
BRDA:571,56,0,0
BRDA:571,56,1,0
BRDA:571,57,0,0
BRDA:571,57,1,0
BRDA:573,58,0,0
BRDA:573,58,1,0
BRDA:578,59,0,0
BRDA:578,59,1,0
BRDA:578,60,0,0
BRDA:578,60,1,0
BRDA:603,61,0,0
BRDA:603,61,1,0
BRDA:608,62,0,0
BRDA:608,62,1,0
BRDA:636,63,0,0
BRDA:636,63,1,0
BRDA:638,64,0,0
BRDA:638,64,1,0
BRDA:649,65,0,0
BRDA:649,65,1,0
BRDA:657,66,0,0
BRDA:657,66,1,0
BRDA:661,67,0,0
BRDA:661,67,1,0
BRDA:667,68,0,0
BRDA:667,68,1,0
BRDA:673,69,0,0
BRDA:673,69,1,0
BRDA:683,70,0,0
BRDA:683,70,1,0
BRDA:698,71,0,0
BRDA:698,71,1,0
BRDA:708,72,0,0
BRDA:708,72,1,0
BRDA:708,72,2,0
BRDA:708,73,0,0
BRDA:708,73,1,0
BRDA:709,74,0,0
BRDA:709,74,1,0
BRDA:713,75,0,0
BRDA:713,75,1,0
BRDA:716,76,0,0
BRDA:716,76,1,0
BRDA:769,77,0,0
BRDA:769,77,1,0
BRDA:770,78,0,0
BRDA:770,78,1,0
BRDA:777,79,0,0
BRDA:777,79,1,0
BRDA:777,79,2,0
BRDA:800,80,0,0
BRDA:800,80,1,0
BRDA:802,81,0,0
BRDA:802,81,1,0
BRDA:802,81,2,0
BRDA:805,82,0,0
BRDA:805,82,1,0
BRDA:816,83,0,0
BRDA:816,83,1,0
BRDA:817,84,0,0
BRDA:817,84,1,0
BRDA:819,85,0,0
BRDA:819,85,1,0
BRDA:824,86,0,0
BRDA:824,86,1,0
BRDA:827,87,0,0
BRDA:827,87,1,0
BRDA:834,88,0,0
BRDA:834,88,1,0
BRDA:839,89,0,0
BRDA:839,89,1,0
BRDA:843,90,0,0
BRDA:843,90,1,0
BRDA:856,91,0,0
BRDA:856,91,1,0
BRDA:857,92,0,0
BRDA:857,92,1,0
BRDA:857,92,2,0
BRDA:858,93,0,0
BRDA:858,93,1,0
BRDA:886,94,0,0
BRDA:886,94,1,0
BRF:197
BRH:0
end_of_record
TN:
SF:src/components/DevotionalSectionCard.tsx
FN:17,(anonymous_0)
FNF:1
FNH:0
FNDA:0,(anonymous_0)
DA:17,0
DA:25,0
DA:41,0
LF:3
LH:0
BRDA:22,0,0,0
BRDA:23,1,0,0
BRDA:25,2,0,0
BRDA:25,2,1,0
BRDA:27,3,0,0
BRDA:27,3,1,0
BRDA:36,4,0,0
BRDA:36,4,1,0
BRF:8
BRH:0
end_of_record
TN:
SF:src/components/DirectChallengeCard.tsx
FN:14,DirectChallengeCard
FNF:1
FNH:0
FNDA:0,DirectChallengeCard
DA:15,0
DA:37,0
LF:2
LH:0
BRDA:29,0,0,0
BRDA:29,0,1,0
BRF:2
BRH:0
end_of_record
TN:
SF:src/components/DocumentCardView.tsx
FN:51,(anonymous_0)
FN:55,(anonymous_1)
FN:56,(anonymous_2)
FN:62,(anonymous_3)
FN:65,(anonymous_4)
FN:67,(anonymous_5)
FN:77,(anonymous_6)
FN:80,(anonymous_7)
FN:83,(anonymous_8)
FN:96,(anonymous_9)
FN:97,(anonymous_10)
FN:100,(anonymous_11)
FN:101,(anonymous_12)
FN:101,(anonymous_13)
FN:101,(anonymous_14)
FN:150,(anonymous_15)
FN:155,(anonymous_16)
FN:173,(anonymous_17)
FN:189,(anonymous_18)
FN:201,(anonymous_19)
FNF:20
FNH:0
FNDA:0,(anonymous_0)
FNDA:0,(anonymous_1)
FNDA:0,(anonymous_2)
FNDA:0,(anonymous_3)
FNDA:0,(anonymous_4)
FNDA:0,(anonymous_5)
FNDA:0,(anonymous_6)
FNDA:0,(anonymous_7)
FNDA:0,(anonymous_8)
FNDA:0,(anonymous_9)
FNDA:0,(anonymous_10)
FNDA:0,(anonymous_11)
FNDA:0,(anonymous_12)
FNDA:0,(anonymous_13)
FNDA:0,(anonymous_14)
FNDA:0,(anonymous_15)
FNDA:0,(anonymous_16)
FNDA:0,(anonymous_17)
FNDA:0,(anonymous_18)
FNDA:0,(anonymous_19)
DA:51,0
DA:52,0
DA:55,0
DA:56,0
DA:57,0
DA:58,0
DA:59,0
DA:60,0
DA:62,0
DA:65,0
DA:66,0
DA:67,0
DA:68,0
DA:69,0
DA:70,0
DA:71,0
DA:72,0
DA:77,0
DA:80,0
DA:81,0
DA:82,0
DA:83,0
DA:84,0
DA:85,0
DA:96,0
DA:97,0
DA:98,0
DA:100,0
DA:101,0
DA:104,0
DA:105,0
DA:121,0
DA:122,0
DA:124,0
DA:134,0
DA:136,0
DA:151,0
DA:156,0
DA:174,0
DA:175,0
DA:176,0
DA:177,0
DA:178,0
DA:190,0
DA:191,0
DA:192,0
DA:194,0
DA:195,0
DA:196,0
DA:197,0
DA:199,0
DA:200,0
DA:201,0
DA:202,0
DA:203,0
DA:204,0
DA:205,0
DA:209,0
DA:214,0
DA:216,0
DA:231,0
DA:232,0
DA:242,0
DA:243,0
DA:252,0
DA:255,0
DA:291,0
LF:67
LH:0
BRDA:51,0,0,0
BRDA:55,1,0,0
BRDA:55,1,1,0
BRDA:62,2,0,0
BRDA:62,2,1,0
BRDA:62,3,0,0
BRDA:62,3,1,0
BRDA:69,4,0,0
BRDA:69,4,1,0
BRDA:69,5,0,0
BRDA:69,5,1,0
BRDA:69,5,2,0
BRDA:71,6,0,0
BRDA:71,6,1,0
BRDA:71,7,0,0
BRDA:71,7,1,0
BRDA:104,8,0,0
BRDA:104,8,1,0
BRDA:108,9,0,0
BRDA:108,9,1,0
BRDA:109,10,0,0
BRDA:109,10,1,0
BRDA:112,11,0,0
BRDA:112,11,1,0
BRDA:113,12,0,0
BRDA:113,12,1,0
BRDA:121,13,0,0
BRDA:121,13,1,0
BRDA:122,14,0,0
BRDA:122,14,1,0
BRDA:134,15,0,0
BRDA:134,15,1,0
BRDA:148,16,0,0
BRDA:148,16,1,0
BRDA:148,17,0,0
BRDA:148,17,1,0
BRDA:151,18,0,0
BRDA:151,18,1,0
BRDA:151,18,2,0
BRDA:169,19,0,0
BRDA:169,19,1,0
BRDA:171,20,0,0
BRDA:171,20,1,0
BRDA:187,21,0,0
BRDA:187,21,1,0
BRDA:191,22,0,0
BRDA:191,22,1,0
BRDA:195,23,0,0
BRDA:195,23,1,0
BRDA:199,24,0,0
BRDA:199,24,1,0
BRDA:199,25,0,0
BRDA:199,25,1,0
BRDA:199,25,2,0
BRDA:204,26,0,0
BRDA:204,26,1,0
BRDA:216,27,0,0
BRDA:216,27,1,0
BRDA:219,28,0,0
BRDA:219,28,1,0
BRDA:223,29,0,0
BRDA:223,29,1,0
BRDA:224,30,0,0
BRDA:224,30,1,0
BRDA:224,31,0,0
BRDA:224,31,1,0
BRDA:231,32,0,0
BRDA:231,32,1,0
BRDA:235,33,0,0
BRDA:235,33,1,0
BRDA:236,34,0,0
BRDA:236,34,1,0
BRDA:242,35,0,0
BRDA:242,35,1,0
BRDA:246,36,0,0
BRDA:246,36,1,0
BRDA:246,37,0,0
BRDA:246,37,1,0
BRDA:247,38,0,0
BRDA:247,38,1,0
BRF:80
BRH:0
end_of_record
TN:
SF:src/components/DocumentCards.tsx
FN:34,(anonymous_0)
FN:59,(anonymous_1)
FN:110,(anonymous_2)
FN:137,(anonymous_3)
FN:174,(anonymous_4)
FN:175,(anonymous_5)
FN:176,(anonymous_6)
FN:182,(anonymous_7)
FN:185,(anonymous_8)
FN:198,(anonymous_9)
FN:199,(anonymous_10)
FN:202,(anonymous_11)
FN:203,(anonymous_12)
FN:203,(anonymous_13)
FN:203,(anonymous_14)
FN:208,(anonymous_15)
FN:210,(anonymous_16)
FN:220,(anonymous_17)
FN:227,(anonymous_18)
FN:243,(anonymous_19)
FN:255,(anonymous_20)
FNF:21
FNH:0
FNDA:0,(anonymous_0)
FNDA:0,(anonymous_1)
FNDA:0,(anonymous_2)
FNDA:0,(anonymous_3)
FNDA:0,(anonymous_4)
FNDA:0,(anonymous_5)
FNDA:0,(anonymous_6)
FNDA:0,(anonymous_7)
FNDA:0,(anonymous_8)
FNDA:0,(anonymous_9)
FNDA:0,(anonymous_10)
FNDA:0,(anonymous_11)
FNDA:0,(anonymous_12)
FNDA:0,(anonymous_13)
FNDA:0,(anonymous_14)
FNDA:0,(anonymous_15)
FNDA:0,(anonymous_16)
FNDA:0,(anonymous_17)
FNDA:0,(anonymous_18)
FNDA:0,(anonymous_19)
FNDA:0,(anonymous_20)
DA:34,0
DA:43,0
DA:48,0
DA:49,0
DA:54,0
DA:55,0
DA:56,0
DA:59,0
DA:60,0
DA:61,0
DA:62,0
DA:63,0
DA:66,0
DA:70,0
DA:72,0
DA:76,0
DA:111,0
DA:138,0
DA:139,0
DA:155,0
DA:174,0
DA:175,0
DA:176,0
DA:177,0
DA:178,0
DA:179,0
DA:180,0
DA:182,0
DA:183,0
DA:184,0
DA:185,0
DA:186,0
DA:187,0
DA:198,0
DA:199,0
DA:200,0
DA:202,0
DA:203,0
DA:208,0
DA:209,0
DA:210,0
DA:211,0
DA:212,0
DA:213,0
DA:214,0
DA:215,0
DA:220,0
DA:223,0
DA:228,0
DA:229,0
DA:230,0
DA:231,0
DA:232,0
DA:244,0
DA:245,0
DA:246,0
DA:248,0
DA:249,0
DA:250,0
DA:251,0
DA:253,0
DA:254,0
DA:255,0
DA:256,0
DA:257,0
DA:258,0
DA:259,0
DA:262,0
DA:267,0
DA:269,0
DA:283,0
LF:71
LH:0
BRDA:39,0,0,0
BRDA:48,1,0,0
BRDA:48,1,1,0
BRDA:49,2,0,0
BRDA:49,2,1,0
BRDA:60,3,0,0
BRDA:60,3,1,0
BRDA:66,4,0,0
BRDA:66,4,1,0
BRDA:67,5,0,0
BRDA:67,5,1,0
BRDA:70,6,0,0
BRDA:70,6,1,0
BRDA:72,7,0,0
BRDA:72,7,1,0
BRDA:94,8,0,0
BRDA:94,8,1,0
BRDA:94,8,2,0
BRDA:121,9,0,0
BRDA:121,9,1,0
BRDA:121,9,2,0
BRDA:144,10,0,0
BRDA:144,10,1,0
BRDA:146,11,0,0
BRDA:146,11,1,0
BRDA:148,12,0,0
BRDA:148,12,1,0
BRDA:212,13,0,0
BRDA:212,13,1,0
BRDA:212,14,0,0
BRDA:212,14,1,0
BRDA:214,15,0,0
BRDA:214,15,1,0
BRDA:214,16,0,0
BRDA:214,16,1,0
BRDA:214,16,2,0
BRDA:225,17,0,0
BRDA:225,17,1,0
BRDA:241,18,0,0
BRDA:241,18,1,0
BRDA:245,19,0,0
BRDA:245,19,1,0
BRDA:249,20,0,0
BRDA:249,20,1,0
BRDA:253,21,0,0
BRDA:253,21,1,0
BRDA:253,22,0,0
BRDA:253,22,1,0
BRDA:253,22,2,0
BRDA:258,23,0,0
BRDA:258,23,1,0
BRDA:272,24,0,0
BRDA:272,24,1,0
BRDA:276,25,0,0
BRDA:276,25,1,0
BRDA:277,26,0,0
BRDA:277,26,1,0
BRDA:277,27,0,0
BRDA:277,27,1,0
BRF:59
BRH:0
end_of_record
TN:
SF:src/components/DynamicPricingModal.tsx
FN:28,(anonymous_0)
FN:43,(anonymous_1)
FN:46,(anonymous_2)
FN:47,(anonymous_3)
FN:57,(anonymous_4)
FN:61,(anonymous_5)
FN:76,(anonymous_6)
FN:79,(anonymous_7)
FN:88,(anonymous_8)
FN:107,(anonymous_9)
FN:138,(anonymous_10)
FNF:11
FNH:0
FNDA:0,(anonymous_0)
FNDA:0,(anonymous_1)
FNDA:0,(anonymous_2)
FNDA:0,(anonymous_3)
FNDA:0,(anonymous_4)
FNDA:0,(anonymous_5)
FNDA:0,(anonymous_6)
FNDA:0,(anonymous_7)
FNDA:0,(anonymous_8)
FNDA:0,(anonymous_9)
FNDA:0,(anonymous_10)
DA:28,0
DA:36,0
DA:37,0
DA:38,0
DA:39,0
DA:40,0
DA:43,0
DA:44,0
DA:46,0
DA:47,0
DA:48,0
DA:49,0
DA:50,0
DA:51,0
DA:53,0
DA:57,0
DA:61,0
DA:62,0
DA:63,0
DA:75,0
DA:76,0
DA:79,0
DA:80,0
DA:81,0
DA:82,0
DA:85,0
DA:86,0
DA:88,0
DA:89,0
DA:91,0
DA:92,0
DA:95,0
DA:97,0
DA:99,0
DA:107,0
DA:108,0
DA:123,0
DA:126,0
DA:139,0
DA:140,0
DA:225,0
LF:41
LH:0
BRDA:44,0,0,0
BRDA:44,0,1,0
BRDA:48,1,0,0
BRDA:48,1,1,0
BRDA:62,2,0,0
BRDA:62,2,1,0
BRDA:123,3,0,0
BRDA:123,3,1,0
BRDA:174,4,0,0
BRDA:174,4,1,0
BRDA:184,5,0,0
BRDA:184,5,1,0
BRF:12
BRH:0
end_of_record
TN:
SF:src/components/ErrorBoundary.tsx
FN:25,(anonymous_0)
FN:29,(anonymous_1)
FN:36,(anonymous_2)
FN:43,(anonymous_3)
FNF:4
FNH:0
FNDA:0,(anonymous_0)
FNDA:0,(anonymous_1)
FNDA:0,(anonymous_2)
FNDA:0,(anonymous_3)
DA:19,0
DA:26,0
DA:30,0
DA:31,0
DA:36,0
DA:37,0
DA:38,0
DA:39,0
DA:44,0
DA:45,0
DA:46,0
DA:49,0
DA:62,0
DA:66,0
LF:14
LH:0
BRDA:38,0,0,0
BRDA:38,0,1,0
BRDA:44,1,0,0
BRDA:44,1,1,0
BRDA:45,2,0,0
BRDA:45,2,1,0
BRDA:53,3,0,0
BRDA:53,3,1,0
BRF:8
BRH:0
end_of_record
TN:
SF:src/components/ExportOptionsModal.tsx
FN:47,(anonymous_0)
FN:89,(anonymous_1)
FN:90,(anonymous_2)
FN:112,(anonymous_3)
FN:132,(anonymous_4)
FN:170,(anonymous_5)
FN:175,(anonymous_6)
FN:176,(anonymous_7)
FN:200,(anonymous_8)
FN:218,(anonymous_9)
FN:219,(anonymous_10)
FN:244,(anonymous_11)
FN:250,(anonymous_12)
FNF:13
FNH:0
FNDA:0,(anonymous_0)
FNDA:0,(anonymous_1)
FNDA:0,(anonymous_2)
FNDA:0,(anonymous_3)
FNDA:0,(anonymous_4)
FNDA:0,(anonymous_5)
FNDA:0,(anonymous_6)
FNDA:0,(anonymous_7)
FNDA:0,(anonymous_8)
FNDA:0,(anonymous_9)
FNDA:0,(anonymous_10)
FNDA:0,(anonymous_11)
FNDA:0,(anonymous_12)
DA:47,0
DA:61,0
DA:63,0
DA:64,0
DA:65,0
DA:66,0
DA:68,0
DA:89,0
DA:90,0
DA:92,0
DA:93,0
DA:94,0
DA:95,0
DA:96,0
DA:99,0
DA:100,0
DA:102,0
DA:104,0
DA:106,0
DA:113,0
DA:114,0
DA:120,0
DA:121,0
DA:127,0
DA:128,0
DA:132,0
DA:133,0
DA:134,0
DA:137,0
DA:139,0
DA:171,0
DA:175,0
DA:176,0
DA:201,0
DA:202,0
DA:218,0
DA:220,0
DA:221,0
DA:222,0
DA:244,0
DA:250,0
DA:251,0
DA:252,0
DA:254,0
DA:258,0
DA:328,0
LF:46
LH:0
BRDA:92,0,0,0
BRDA:92,0,1,0
BRDA:93,1,0,0
BRDA:93,1,1,0
BRDA:133,2,0,0
BRDA:133,2,1,0
BRDA:137,3,0,0
BRDA:137,3,1,0
BRDA:161,4,0,0
BRDA:161,4,1,0
BRDA:174,5,0,0
BRDA:174,5,1,0
BRDA:181,6,0,0
BRDA:181,6,1,0
BRDA:191,7,0,0
BRDA:191,7,1,0
BRDA:251,8,0,0
BRDA:251,8,1,0
BRDA:262,9,0,0
BRDA:262,9,1,0
BRDA:269,10,0,0
BRDA:269,10,1,0
BRDA:275,11,0,0
BRDA:275,11,1,0
BRDA:283,12,0,0
BRDA:283,12,1,0
BRDA:289,13,0,0
BRDA:289,13,1,0
BRDA:295,14,0,0
BRDA:295,14,1,0
BRDA:295,14,2,0
BRDA:306,15,0,0
BRDA:306,15,1,0
BRDA:315,16,0,0
BRDA:315,16,1,0
BRF:35
BRH:0
end_of_record
TN:
SF:src/components/FeatureLockOverlay.tsx
FN:15,(anonymous_0)
FN:26,(anonymous_1)
FN:83,(anonymous_2)
FN:94,(anonymous_3)
FNF:4
FNH:0
FNDA:0,(anonymous_0)
FNDA:0,(anonymous_1)
FNDA:0,(anonymous_2)
FNDA:0,(anonymous_3)
DA:15,0
DA:22,0
DA:24,0
DA:26,0
DA:27,0
DA:28,0
DA:29,0
DA:31,0
DA:35,0
DA:83,0
DA:90,0
DA:92,0
DA:94,0
DA:95,0
DA:96,0
DA:98,0
DA:102,0
DA:103,0
DA:106,0
DA:123,0
LF:20
LH:0
BRDA:28,0,0,0
BRDA:28,0,1,0
BRDA:95,1,0,0
BRDA:95,1,1,0
BRDA:102,2,0,0
BRDA:102,2,1,0
BRF:6
BRH:0
end_of_record
TN:
SF:src/components/GuidedPromptLockIcon.tsx
FN:34,(anonymous_0)
FN:55,(anonymous_1)
FNF:2
FNH:0
FNDA:0,(anonymous_0)
FNDA:0,(anonymous_1)
DA:34,0
DA:48,0
DA:51,0
DA:52,0
DA:55,0
DA:57,0
DA:58,0
DA:62,0
DA:69,0
DA:92,0
LF:10
LH:0
BRDA:36,0,0,0
BRDA:37,1,0,0
BRDA:39,2,0,0
BRDA:40,3,0,0
BRDA:42,4,0,0
BRDA:44,5,0,0
BRDA:51,6,0,0
BRDA:51,6,1,0
BRDA:57,7,0,0
BRDA:57,7,1,0
BRDA:64,8,0,0
BRDA:64,8,1,0
BRDA:65,9,0,0
BRDA:65,9,1,0
BRDA:82,10,0,0
BRDA:82,10,1,0
BRF:16
BRH:0
end_of_record
TN:
SF:src/components/LocationSelector.tsx
FN:41,(anonymous_0)
FN:61,(anonymous_1)
FN:65,(anonymous_2)
FN:97,(anonymous_3)
FN:122,(anonymous_4)
FN:132,(anonymous_5)
FN:139,(anonymous_6)
FN:148,(anonymous_7)
FN:154,(anonymous_8)
FN:156,(anonymous_9)
FN:205,(anonymous_10)
FN:206,(anonymous_11)
FN:209,(anonymous_12)
FNF:13
FNH:0
FNDA:0,(anonymous_0)
FNDA:0,(anonymous_1)
FNDA:0,(anonymous_2)
FNDA:0,(anonymous_3)
FNDA:0,(anonymous_4)
FNDA:0,(anonymous_5)
FNDA:0,(anonymous_6)
FNDA:0,(anonymous_7)
FNDA:0,(anonymous_8)
FNDA:0,(anonymous_9)
FNDA:0,(anonymous_10)
FNDA:0,(anonymous_11)
FNDA:0,(anonymous_12)
DA:41,0
DA:46,0
DA:47,0
DA:52,0
DA:53,0
DA:54,0
DA:55,0
DA:58,0
DA:59,0
DA:61,0
DA:62,0
DA:65,0
DA:67,0
DA:69,0
DA:72,0
DA:74,0
DA:76,0
DA:77,0
DA:78,0
DA:83,0
DA:84,0
DA:87,0
DA:89,0
DA:90,0
DA:92,0
DA:97,0
DA:98,0
DA:99,0
DA:100,0
DA:103,0
DA:105,0
DA:106,0
DA:108,0
DA:109,0
DA:112,0
DA:115,0
DA:116,0
DA:118,0
DA:122,0
DA:123,0
DA:124,0
DA:127,0
DA:128,0
DA:132,0
DA:133,0
DA:136,0
DA:139,0
DA:140,0
DA:141,0
DA:142,0
DA:143,0
DA:144,0
DA:148,0
DA:149,0
DA:150,0
DA:154,0
DA:156,0
DA:157,0
DA:161,0
DA:205,0
DA:207,0
DA:209,0
DA:241,0
LF:63
LH:0
BRDA:43,0,0,0
BRDA:44,1,0,0
BRDA:59,2,0,0
BRDA:59,2,1,0
BRDA:74,3,0,0
BRDA:74,3,1,0
BRDA:74,4,0,0
BRDA:74,4,1,0
BRDA:98,5,0,0
BRDA:98,5,1,0
BRDA:108,6,0,0
BRDA:108,6,1,0
BRDA:108,7,0,0
BRDA:108,7,1,0
BRDA:127,8,0,0
BRDA:127,8,1,0
BRDA:149,9,0,0
BRDA:149,9,1,0
BRDA:184,10,0,0
BRDA:184,10,1,0
BRDA:193,11,0,0
BRDA:193,11,1,0
BRDA:195,12,0,0
BRDA:195,12,1,0
BRDA:202,13,0,0
BRDA:202,13,1,0
BRDA:228,14,0,0
BRDA:228,14,1,0
BRDA:228,14,2,0
BRDA:228,14,3,0
BRF:30
BRH:0
end_of_record
TN:
SF:src/components/NetworkStatus.tsx
FN:19,(anonymous_0)
FN:34,(anonymous_1)
FN:42,(anonymous_2)
FN:47,(anonymous_3)
FN:55,(anonymous_4)
FN:71,(anonymous_5)
FN:77,(anonymous_6)
FN:84,(anonymous_7)
FNF:8
FNH:0
FNDA:0,(anonymous_0)
FNDA:0,(anonymous_1)
FNDA:0,(anonymous_2)
FNDA:0,(anonymous_3)
FNDA:0,(anonymous_4)
FNDA:0,(anonymous_5)
FNDA:0,(anonymous_6)
FNDA:0,(anonymous_7)
DA:19,0
DA:29,0
DA:32,0
DA:34,0
DA:35,0
DA:36,0
DA:38,0
DA:42,0
DA:45,0
DA:47,0
DA:48,0
DA:52,0
DA:55,0
DA:56,0
DA:62,0
DA:63,0
DA:67,0
DA:68,0
DA:71,0
DA:72,0
DA:73,0
DA:74,0
DA:77,0
DA:78,0
DA:79,0
DA:80,0
DA:81,0
DA:84,0
DA:85,0
DA:86,0
DA:87,0
DA:88,0
DA:91,0
DA:138,0
LF:34
LH:0
BRDA:20,0,0,0
BRDA:45,1,0,0
BRDA:45,1,1,0
BRDA:56,2,0,0
BRDA:56,2,1,0
BRDA:62,3,0,0
BRDA:62,3,1,0
BRDA:62,4,0,0
BRDA:62,4,1,0
BRDA:62,4,2,0
BRDA:67,5,0,0
BRDA:67,5,1,0
BRDA:67,6,0,0
BRDA:67,6,1,0
BRDA:67,6,2,0
BRDA:72,7,0,0
BRDA:72,7,1,0
BRDA:73,8,0,0
BRDA:73,8,1,0
BRDA:78,9,0,0
BRDA:78,9,1,0
BRDA:79,10,0,0
BRDA:79,10,1,0
BRDA:80,11,0,0
BRDA:80,11,1,0
BRDA:85,12,0,0
BRDA:85,12,1,0
BRDA:86,13,0,0
BRDA:86,13,1,0
BRDA:87,14,0,0
BRDA:87,14,1,0
BRDA:95,15,0,0
BRDA:95,15,1,0
BRDA:108,16,0,0
BRDA:108,16,1,0
BRDA:108,16,2,0
BRDA:112,17,0,0
BRDA:112,17,1,0
BRDA:119,18,0,0
BRDA:119,18,1,0
BRDA:122,19,0,0
BRDA:122,19,1,0
BRDA:125,20,0,0
BRDA:125,20,1,0
BRDA:127,21,0,0
BRDA:127,21,1,0
BRF:46
BRH:0
end_of_record
TN:
SF:src/components/NewSuccessModal.tsx
FN:23,(anonymous_0)
FN:33,(anonymous_1)
FN:40,(anonymous_2)
FN:51,(anonymous_3)
FN:56,(anonymous_4)
FN:63,(anonymous_5)
FN:85,(anonymous_6)
FN:102,(anonymous_7)
FN:114,(anonymous_8)
FN:117,(anonymous_9)
FN:118,(anonymous_10)
FN:147,(anonymous_11)
FN:167,(anonymous_12)
FN:176,(anonymous_13)
FNF:14
FNH:0
FNDA:0,(anonymous_0)
FNDA:0,(anonymous_1)
FNDA:0,(anonymous_2)
FNDA:0,(anonymous_3)
FNDA:0,(anonymous_4)
FNDA:0,(anonymous_5)
FNDA:0,(anonymous_6)
FNDA:0,(anonymous_7)
FNDA:0,(anonymous_8)
FNDA:0,(anonymous_9)
FNDA:0,(anonymous_10)
FNDA:0,(anonymous_11)
FNDA:0,(anonymous_12)
FNDA:0,(anonymous_13)
DA:23,0
DA:29,0
DA:30,0
DA:32,0
DA:33,0
DA:39,0
DA:40,0
DA:49,0
DA:51,0
DA:56,0
DA:57,0
DA:63,0
DA:65,0
DA:68,0
DA:75,0
DA:76,0
DA:85,0
DA:86,0
DA:87,0
DA:88,0
DA:89,0
DA:102,0
DA:103,0
DA:107,0
DA:114,0
DA:115,0
DA:117,0
DA:118,0
DA:119,0
DA:123,0
DA:124,0
DA:127,0
DA:148,0
DA:167,0
DA:176,0
DA:190,0
LF:36
LH:0
BRDA:65,0,0,0
BRDA:65,0,1,0
BRDA:65,1,0,0
BRDA:65,1,1,0
BRDA:123,2,0,0
BRDA:123,2,1,0
BRDA:123,3,0,0
BRDA:123,3,1,0
BRDA:162,4,0,0
BRDA:162,4,1,0
BRDA:162,5,0,0
BRDA:162,5,1,0
BRDA:162,5,2,0
BRDA:164,6,0,0
BRDA:164,6,1,0
BRDA:164,6,2,0
BRDA:173,7,0,0
BRDA:173,7,1,0
BRF:18
BRH:0
end_of_record
TN:
SF:src/components/OnboardingErrorBoundary.tsx
FN:34,(anonymous_0)
FN:44,(anonymous_1)
FN:52,(anonymous_2)
FN:58,(anonymous_3)
FN:83,(anonymous_4)
FN:97,(anonymous_5)
FN:105,(anonymous_6)
FNF:7
FNH:0
FNDA:0,(anonymous_0)
FNDA:0,(anonymous_1)
FNDA:0,(anonymous_2)
FNDA:0,(anonymous_3)
FNDA:0,(anonymous_4)
FNDA:0,(anonymous_5)
FNDA:0,(anonymous_6)
DA:35,0
DA:36,0
DA:46,0
DA:54,0
DA:55,0
DA:58,0
DA:65,0
DA:66,0
DA:79,0
DA:83,0
DA:85,0
DA:92,0
DA:93,0
DA:97,0
DA:102,0
DA:106,0
DA:107,0
DA:108,0
DA:110,0
DA:202,0
DA:206,0
LF:21
LH:0
BRDA:92,0,0,0
BRDA:92,0,1,0
BRDA:106,1,0,0
BRDA:106,1,1,0
BRDA:131,2,0,0
BRDA:131,2,1,0
BRDA:136,3,0,0
BRDA:136,3,1,0
BRDA:146,4,0,0
BRDA:146,4,1,0
BRDA:146,4,2,0
BRDA:155,5,0,0
BRDA:155,5,1,0
BRDA:179,6,0,0
BRDA:179,6,1,0
BRF:15
BRH:0
end_of_record
TN:
SF:src/components/PlanningLockIcon.tsx
FN:40,(anonymous_0)
FN:57,(anonymous_1)
FNF:2
FNH:0
FNDA:0,(anonymous_0)
FNDA:0,(anonymous_1)
DA:40,0
DA:50,0
DA:53,0
DA:54,0
DA:57,0
DA:59,0
DA:60,0
DA:64,0
DA:71,0
DA:94,0
LF:10
LH:0
BRDA:42,0,0,0
BRDA:44,1,0,0
BRDA:45,2,0,0
BRDA:47,3,0,0
BRDA:53,4,0,0
BRDA:53,4,1,0
BRDA:59,5,0,0
BRDA:59,5,1,0
BRDA:66,6,0,0
BRDA:66,6,1,0
BRDA:67,7,0,0
BRDA:67,7,1,0
BRDA:84,8,0,0
BRDA:84,8,1,0
BRF:14
BRH:0
end_of_record
TN:
SF:src/components/PlaybookCard.tsx
FN:21,(anonymous_0)
FN:26,(anonymous_1)
FN:39,(anonymous_2)
FN:47,(anonymous_3)
FN:49,(anonymous_4)
FN:98,(anonymous_5)
FNF:6
FNH:0
FNDA:0,(anonymous_0)
FNDA:0,(anonymous_1)
FNDA:0,(anonymous_2)
FNDA:0,(anonymous_3)
FNDA:0,(anonymous_4)
FNDA:0,(anonymous_5)
DA:21,0
DA:26,0
DA:37,0
DA:38,0
DA:39,0
DA:40,0
DA:41,0
DA:42,0
DA:43,0
DA:44,0
DA:47,0
DA:49,0
DA:50,0
DA:52,0
DA:98,0
LF:15
LH:0
BRDA:23,0,0,0
BRDA:23,0,1,0
BRDA:33,1,0,0
BRDA:40,2,0,0
BRDA:40,2,1,0
BRDA:43,3,0,0
BRDA:43,3,1,0
BRDA:49,4,0,0
BRDA:49,4,1,0
BRDA:71,5,0,0
BRDA:71,5,1,0
BRF:11
BRH:0
end_of_record
TN:
SF:src/components/PlaybookHeader.tsx
FN:33,(anonymous_0)
FN:55,(anonymous_1)
FN:55,(anonymous_2)
FN:108,(anonymous_3)
FN:143,(anonymous_4)
FN:160,(anonymous_5)
FNF:6
FNH:0
FNDA:0,(anonymous_0)
FNDA:0,(anonymous_1)
FNDA:0,(anonymous_2)
FNDA:0,(anonymous_3)
FNDA:0,(anonymous_4)
FNDA:0,(anonymous_5)
DA:33,0
DA:55,0
DA:58,0
DA:95,0
DA:109,0
DA:143,0
DA:160,0
DA:201,0
LF:8
LH:0
BRDA:39,0,0,0
BRDA:43,1,0,0
BRDA:46,2,0,0
BRDA:47,3,0,0
BRDA:48,4,0,0
BRDA:76,5,0,0
BRDA:76,5,1,0
BRDA:79,6,0,0
BRDA:79,6,1,0
BRDA:80,7,0,0
BRDA:80,7,1,0
BRDA:83,8,0,0
BRDA:83,8,1,0
BRDA:86,9,0,0
BRDA:86,9,1,0
BRDA:100,10,0,0
BRDA:100,10,1,0
BRDA:100,10,2,0
BRDA:115,11,0,0
BRDA:115,11,1,0
BRDA:122,12,0,0
BRDA:122,12,1,0
BRDA:130,13,0,0
BRDA:130,13,1,0
BRDA:139,14,0,0
BRDA:139,14,1,0
BRDA:139,14,2,0
BRDA:147,15,0,0
BRDA:147,15,1,0
BRDA:152,16,0,0
BRDA:152,16,1,0
BRDA:164,17,0,0
BRDA:164,17,1,0
BRDA:169,18,0,0
BRDA:169,18,1,0
BRDA:178,19,0,0
BRDA:178,19,1,0
BRDA:181,20,0,0
BRDA:181,20,1,0
BRF:39
BRH:0
end_of_record
TN:
SF:src/components/PlaybookInfoSection.tsx
FN:20,(anonymous_0)
FN:30,(anonymous_1)
FN:33,(anonymous_2)
FN:33,(anonymous_3)
FN:42,(anonymous_4)
FN:99,(anonymous_5)
FN:113,(anonymous_6)
FNF:7
FNH:0
FNDA:0,(anonymous_0)
FNDA:0,(anonymous_1)
FNDA:0,(anonymous_2)
FNDA:0,(anonymous_3)
FNDA:0,(anonymous_4)
FNDA:0,(anonymous_5)
FNDA:0,(anonymous_6)
DA:20,0
DA:30,0
DA:33,0
DA:34,0
DA:35,0
DA:37,0
DA:42,0
DA:99,0
DA:113,0
LF:9
LH:0
BRDA:34,0,0,0
BRDA:34,0,1,0
BRDA:35,1,0,0
BRDA:35,1,1,0
BRDA:55,2,0,0
BRDA:55,2,1,0
BRDA:55,2,2,0
BRDA:63,3,0,0
BRDA:63,3,1,0
BRDA:70,4,0,0
BRDA:70,4,1,0
BRDA:86,5,0,0
BRDA:86,5,1,0
BRDA:91,6,0,0
BRDA:91,6,1,0
BRDA:101,7,0,0
BRDA:101,7,1,0
BRDA:105,8,0,0
BRDA:105,8,1,0
BRDA:115,9,0,0
BRDA:115,9,1,0
BRDA:119,10,0,0
BRDA:119,10,1,0
BRF:23
BRH:0
end_of_record
TN:
SF:src/components/PlaybookSkeletonLoader.tsx
FN:12,(anonymous_0)
FN:20,(anonymous_1)
FN:21,(anonymous_2)
FN:33,(anonymous_3)
FN:39,(anonymous_4)
FN:60,(anonymous_5)
FNF:6
FNH:0
FNDA:0,(anonymous_0)
FNDA:0,(anonymous_1)
FNDA:0,(anonymous_2)
FNDA:0,(anonymous_3)
FNDA:0,(anonymous_4)
FNDA:0,(anonymous_5)
DA:12,0
DA:14,0
DA:15,0
DA:16,0
DA:20,0
DA:21,0
DA:22,0
DA:33,0
DA:36,0
DA:39,0
DA:40,0
DA:44,0
DA:60,0
DA:61,0
DA:128,0
LF:15
LH:0
BRDA:12,0,0,0
BRDA:15,1,0,0
BRDA:15,1,1,0
BRDA:16,2,0,0
BRDA:16,2,1,0
BRDA:16,3,0,0
BRDA:16,3,1,0
BRF:7
BRH:0
end_of_record
TN:
SF:src/components/PleaseLoginScreen.tsx
FN:18,(anonymous_0)
FNF:1
FNH:0
FNDA:0,(anonymous_0)
DA:18,0
DA:22,0
DA:44,0
LF:3
LH:0
BRDA:20,0,0,0
BRF:1
BRH:0
end_of_record
TN:
SF:src/components/ProgressBar.tsx
FN:13,(anonymous_0)
FNF:1
FNH:0
FNDA:0,(anonymous_0)
DA:13,0
DA:22,0
DA:23,0
DA:25,0
DA:52,0
LF:5
LH:0
BRDA:16,0,0,0
BRDA:17,1,0,0
BRDA:18,2,0,0
BRDA:22,3,0,0
BRDA:22,3,1,0
BRDA:30,4,0,0
BRDA:30,4,1,0
BRF:7
BRH:0
end_of_record
TN:
SF:src/components/PurchaseErrorModal.tsx
FN:36,(anonymous_0)
FN:46,(anonymous_1)
FNF:2
FNH:0
FNDA:0,(anonymous_0)
FNDA:0,(anonymous_1)
DA:25,0
DA:36,0
DA:44,0
DA:46,0
DA:47,0
DA:78,0
DA:81,0
DA:84,0
DA:86,0
DA:170,0
LF:10
LH:0
BRDA:71,0,0,0
BRDA:71,0,1,0
BRDA:78,1,0,0
BRDA:78,1,1,0
BRDA:84,2,0,0
BRDA:84,2,1,0
BRDA:122,3,0,0
BRDA:122,3,1,0
BRDA:137,4,0,0
BRDA:137,4,1,0
BRDA:148,5,0,0
BRDA:148,5,1,0
BRDA:154,6,0,0
BRDA:154,6,1,0
BRDA:154,6,2,0
BRF:15
BRH:0
end_of_record
TN:
SF:src/components/PurchaseLoadingModal.tsx
FN:34,(anonymous_0)
FN:42,(anonymous_1)
FN:72,(anonymous_2)
FNF:3
FNH:0
FNDA:0,(anonymous_0)
FNDA:0,(anonymous_1)
FNDA:0,(anonymous_2)
DA:27,0
DA:34,0
DA:38,0
DA:39,0
DA:40,0
DA:42,0
DA:43,0
DA:45,0
DA:52,0
DA:67,0
DA:68,0
DA:72,0
DA:73,0
DA:104,0
DA:107,0
DA:110,0
DA:111,0
DA:112,0
DA:113,0
DA:114,0
DA:117,0
DA:118,0
DA:119,0
DA:120,0
DA:122,0
DA:200,0
LF:26
LH:0
BRDA:43,0,0,0
BRDA:43,0,1,0
BRDA:104,1,0,0
BRDA:104,1,1,0
BRDA:117,2,0,0
BRDA:117,2,1,0
BRDA:118,3,0,0
BRDA:118,3,1,0
BRDA:119,4,0,0
BRDA:119,4,1,0
BRDA:120,5,0,0
BRDA:120,5,1,0
BRF:12
BRH:0
end_of_record
TN:
SF:src/components/PurchaseSuccessModal.tsx
FN:37,(anonymous_0)
FN:49,(anonymous_1)
FN:67,(anonymous_2)
FN:82,(anonymous_3)
FN:184,(anonymous_4)
FNF:5
FNH:0
FNDA:0,(anonymous_0)
FNDA:0,(anonymous_1)
FNDA:0,(anonymous_2)
FNDA:0,(anonymous_3)
FNDA:0,(anonymous_4)
DA:27,0
DA:37,0
DA:45,0
DA:46,0
DA:47,0
DA:49,0
DA:50,0
DA:52,0
DA:67,0
DA:68,0
DA:76,0
DA:77,0
DA:78,0
DA:82,0
DA:83,0
DA:126,0
DA:129,0
DA:131,0
DA:185,0
DA:219,0
LF:20
LH:0
BRDA:50,0,0,0
BRDA:50,0,1,0
BRDA:126,1,0,0
BRDA:126,1,1,0
BRDA:164,2,0,0
BRDA:164,2,1,0
BRDA:172,3,0,0
BRDA:172,3,1,0
BRDA:195,4,0,0
BRDA:195,4,1,0
BRF:10
BRH:0
end_of_record
TN:
SF:src/components/SuccessModal.tsx
FN:17,(anonymous_0)
FN:29,(anonymous_1)
FNF:2
FNH:0
FNDA:0,(anonymous_0)
FNDA:0,(anonymous_1)
DA:17,0
DA:26,0
DA:27,0
DA:29,0
DA:30,0
DA:32,0
DA:33,0
DA:36,0
DA:51,0
DA:53,0
DA:99,0
LF:11
LH:0
BRDA:21,0,0,0
BRDA:24,1,0,0
BRDA:30,2,0,0
BRDA:30,2,1,0
BRDA:51,3,0,0
BRDA:51,3,1,0
BRF:6
BRH:0
end_of_record
TN:
SF:src/components/SwipeUpIndicator.tsx
FN:8,SwipeUpIndicator
FN:11,(anonymous_1)
FN:19,(anonymous_2)
FN:23,(anonymous_3)
FNF:4
FNH:0
FNDA:0,SwipeUpIndicator
FNDA:0,(anonymous_1)
FNDA:0,(anonymous_2)
FNDA:0,(anonymous_3)
DA:9,0
DA:11,0
DA:12,0
DA:19,0
DA:20,0
DA:23,0
DA:27,0
DA:37,0
LF:8
LH:0
BRF:0
BRH:0
end_of_record
TN:
SF:src/components/SwipeableRow.tsx
FN:14,(anonymous_0)
FN:17,(anonymous_1)
FN:25,(anonymous_2)
FN:30,(anonymous_3)
FN:47,(anonymous_4)
FN:48,(anonymous_5)
FN:53,(anonymous_6)
FNF:7
FNH:0
FNDA:0,(anonymous_0)
FNDA:0,(anonymous_1)
FNDA:0,(anonymous_2)
FNDA:0,(anonymous_3)
FNDA:0,(anonymous_4)
FNDA:0,(anonymous_5)
FNDA:0,(anonymous_6)
DA:6,0
DA:7,0
DA:14,0
DA:15,0
DA:17,0
DA:18,0
DA:25,0
DA:26,0
DA:30,0
DA:33,0
DA:49,0
DA:50,0
DA:51,0
DA:54,0
DA:55,0
DA:56,0
DA:58,0
DA:68,0
LF:18
LH:0
BRDA:19,0,0,0
BRDA:19,0,1,0
BRDA:50,1,0,0
BRDA:50,1,1,0
BRDA:55,2,0,0
BRDA:55,2,1,0
BRF:6
BRH:0
end_of_record
TN:
SF:src/components/SwipeableTodoItem.tsx
FN:34,(anonymous_0)
FN:47,(anonymous_1)
FN:51,(anonymous_2)
FN:64,(anonymous_3)
FN:67,(anonymous_4)
FN:70,(anonymous_5)
FN:73,(anonymous_6)
FN:128,(anonymous_7)
FN:129,(anonymous_8)
FN:142,(anonymous_9)
FN:153,(anonymous_10)
FN:162,(anonymous_11)
FNF:12
FNH:0
FNDA:0,(anonymous_0)
FNDA:0,(anonymous_1)
FNDA:0,(anonymous_2)
FNDA:0,(anonymous_3)
FNDA:0,(anonymous_4)
FNDA:0,(anonymous_5)
FNDA:0,(anonymous_6)
FNDA:0,(anonymous_7)
FNDA:0,(anonymous_8)
FNDA:0,(anonymous_9)
FNDA:0,(anonymous_10)
FNDA:0,(anonymous_11)
DA:34,0
DA:45,0
DA:47,0
DA:48,0
DA:51,0
DA:52,0
DA:58,0
DA:64,0
DA:65,0
DA:67,0
DA:70,0
DA:71,0
DA:73,0
DA:77,0
DA:78,0
DA:107,0
DA:128,0
DA:129,0
DA:132,0
DA:144,0
DA:154,0
DA:155,0
DA:156,0
DA:158,0
DA:160,0
DA:163,0
DA:164,0
DA:165,0
DA:196,0
LF:29
LH:0
BRDA:41,0,0,0
BRDA:42,1,0,0
BRDA:43,2,0,0
BRDA:77,3,0,0
BRDA:77,3,1,0
BRDA:135,4,0,0
BRDA:135,4,1,0
BRDA:136,5,0,0
BRDA:136,5,1,0
BRDA:150,6,0,0
BRDA:150,6,1,0
BRDA:155,7,0,0
BRDA:155,7,1,0
BRDA:163,8,0,0
BRDA:163,8,1,0
BRDA:169,9,0,0
BRDA:169,9,1,0
BRDA:174,10,0,0
BRDA:174,10,1,0
BRDA:177,11,0,0
BRDA:177,11,1,0
BRDA:185,12,0,0
BRDA:185,12,1,0
BRF:23
BRH:0
end_of_record
TN:
SF:src/components/TruthInLoveCard.tsx
FN:27,TruthInLoveCard
FN:45,(anonymous_1)
FN:49,(anonymous_2)
FN:57,(anonymous_3)
FN:62,(anonymous_4)
FN:79,(anonymous_5)
FN:79,(anonymous_6)
FNF:7
FNH:0
FNDA:0,TruthInLoveCard
FNDA:0,(anonymous_1)
FNDA:0,(anonymous_2)
FNDA:0,(anonymous_3)
FNDA:0,(anonymous_4)
FNDA:0,(anonymous_5)
FNDA:0,(anonymous_6)
DA:41,0
DA:42,0
DA:45,0
DA:46,0
DA:49,0
DA:57,0
DA:58,0
DA:59,0
DA:62,0
DA:63,0
DA:64,0
DA:68,0
DA:73,0
DA:79,0
DA:123,0
LF:15
LH:0
BRDA:31,0,0,0
BRDA:33,1,0,0
BRDA:34,2,0,0
BRDA:35,3,0,0
BRDA:49,4,0,0
BRDA:49,4,1,0
BRDA:50,5,0,0
BRDA:50,5,1,0
BRDA:50,5,2,0
BRDA:51,6,0,0
BRDA:51,6,1,0
BRDA:51,6,2,0
BRDA:52,7,0,0
BRDA:52,7,1,0
BRDA:52,7,2,0
BRDA:58,8,0,0
BRDA:58,8,1,0
BRDA:63,9,0,0
BRDA:63,9,1,0
BRDA:79,10,0,0
BRDA:79,10,1,0
BRDA:82,11,0,0
BRDA:82,11,1,0
BRDA:107,12,0,0
BRDA:107,12,1,0
BRDA:108,13,0,0
BRDA:108,13,1,0
BRF:27
BRH:0
end_of_record
TN:
SF:src/components/ErrorBoundary/ComponentErrorBoundary.tsx
FN:18,(anonymous_0)
FN:23,(anonymous_1)
FN:27,(anonymous_2)
FN:31,(anonymous_3)
FN:35,(anonymous_4)
FNF:5
FNH:0
FNDA:0,(anonymous_0)
FNDA:0,(anonymous_1)
FNDA:0,(anonymous_2)
FNDA:0,(anonymous_3)
FNDA:0,(anonymous_4)
DA:19,0
DA:20,0
DA:24,0
DA:28,0
DA:31,0
DA:32,0
DA:36,0
DA:37,0
DA:38,0
DA:41,0
DA:62,0
DA:66,0
LF:12
LH:0
BRDA:36,0,0,0
BRDA:36,0,1,0
BRDA:37,1,0,0
BRDA:37,1,1,0
BRDA:46,2,0,0
BRDA:46,2,1,0
BRF:6
BRH:0
end_of_record
TN:
SF:src/components/ErrorBoundary/ErrorBoundary.tsx
FN:21,(anonymous_0)
FN:26,(anonymous_1)
FN:33,(anonymous_2)
FN:60,(anonymous_3)
FN:66,(anonymous_4)
FN:85,(anonymous_5)
FN:89,(anonymous_6)
FN:144,(anonymous_7)
FN:249,(anonymous_8)
FN:253,(anonymous_9)
FN:257,(anonymous_10)
FNF:11
FNH:0
FNDA:0,(anonymous_0)
FNDA:0,(anonymous_1)
FNDA:0,(anonymous_2)
FNDA:0,(anonymous_3)
FNDA:0,(anonymous_4)
FNDA:0,(anonymous_5)
FNDA:0,(anonymous_6)
FNDA:0,(anonymous_7)
FNDA:0,(anonymous_8)
FNDA:0,(anonymous_9)
FNDA:0,(anonymous_10)
DA:19,0
DA:22,0
DA:23,0
DA:27,0
DA:34,0
DA:39,0
DA:45,0
DA:48,0
DA:57,0
DA:61,0
DA:62,0
DA:66,0
DA:71,0
DA:82,0
DA:85,0
DA:86,0
DA:89,0
DA:90,0
DA:92,0
DA:145,0
DA:147,0
DA:148,0
DA:155,0
DA:158,0
DA:162,0
DA:249,0
DA:250,0
DA:253,0
DA:254,0
DA:257,0
DA:258,0
LF:31
LH:0
BRDA:35,0,0,0
BRDA:35,0,1,0
BRDA:36,1,0,0
BRDA:36,1,1,0
BRDA:61,2,0,0
BRDA:61,2,1,0
BRDA:90,3,0,0
BRDA:96,4,0,0
BRDA:96,4,1,0
BRDA:97,5,0,0
BRDA:97,5,1,0
BRDA:102,6,0,0
BRDA:102,6,1,0
BRDA:104,7,0,0
BRDA:104,7,1,0
BRDA:120,8,0,0
BRDA:120,8,1,0
BRDA:125,9,0,0
BRDA:125,9,1,0
BRDA:145,10,0,0
BRDA:145,10,1,0
BRDA:145,11,0,0
BRDA:145,11,1,0
BRDA:145,11,2,0
BRDA:147,12,0,0
BRDA:147,12,1,0
BRF:26
BRH:0
end_of_record
TN:
SF:src/components/ErrorBoundary/QueryErrorBoundary.tsx
FN:14,ErrorFallback
FN:51,QueryErrorBoundary
FN:55,(anonymous_2)
FN:62,(anonymous_3)
FNF:4
FNH:0
FNDA:0,ErrorFallback
FNDA:0,QueryErrorBoundary
FNDA:0,(anonymous_2)
FNDA:0,(anonymous_3)
DA:15,0
DA:52,0
DA:57,0
DA:72,0
LF:4
LH:0
BRDA:24,0,0,0
BRDA:24,0,1,0
BRDA:36,1,0,0
BRDA:36,1,1,0
BRDA:54,2,0,0
BRDA:54,2,1,0
BRF:6
BRH:0
end_of_record
TN:
SF:src/components/ErrorBoundary/ScreenErrorBoundary.tsx
FN:27,(anonymous_0)
FN:36,(anonymous_1)
FN:43,(anonymous_2)
FN:68,(anonymous_3)
FN:76,(anonymous_4)
FNF:5
FNH:0
FNDA:0,(anonymous_0)
FNDA:0,(anonymous_1)
FNDA:0,(anonymous_2)
FNDA:0,(anonymous_3)
FNDA:0,(anonymous_4)
DA:28,0
DA:29,0
DA:37,0
DA:44,0
DA:47,0
DA:58,0
DA:63,0
DA:64,0
DA:68,0
DA:69,0
DA:77,0
DA:78,0
DA:80,0
DA:82,0
DA:83,0
DA:87,0
DA:124,0
DA:128,0
LF:18
LH:0
BRDA:63,0,0,0
BRDA:63,0,1,0
BRDA:80,1,0,0
BRDA:80,1,1,0
BRDA:82,2,0,0
BRDA:82,2,1,0
BRDA:100,3,0,0
BRDA:100,3,1,0
BRDA:100,3,2,0
BRDA:104,4,0,0
BRDA:104,4,1,0
BRF:11
BRH:0
end_of_record
TN:
SF:src/components/ErrorBoundary/withErrorBoundary.tsx
FN:10,withErrorBoundary
FN:14,(anonymous_1)
FNF:2
FNH:0
FNDA:0,withErrorBoundary
FNDA:0,(anonymous_1)
DA:14,0
DA:15,0
DA:20,0
DA:22,0
LF:4
LH:0
BRF:0
BRH:0
end_of_record
TN:
SF:src/components/SkeletonLoader/DashboardActionStepsSkeleton.tsx
FN:4,(anonymous_0)
FN:7,(anonymous_1)
FN:15,(anonymous_2)
FN:29,(anonymous_3)
FNF:4
FNH:0
FNDA:0,(anonymous_0)
FNDA:0,(anonymous_1)
FNDA:0,(anonymous_2)
FNDA:0,(anonymous_3)
DA:4,0
DA:5,0
DA:7,0
DA:8,0
DA:14,0
DA:15,0
DA:18,0
DA:20,0
DA:30,0
DA:51,0
LF:10
LH:0
BRF:0
BRH:0
end_of_record
TN:
SF:src/components/SkeletonLoader/DashboardAffirmationSkeleton.tsx
FN:4,(anonymous_0)
FN:7,(anonymous_1)
FN:15,(anonymous_2)
FN:29,(anonymous_3)
FNF:4
FNH:0
FNDA:0,(anonymous_0)
FNDA:0,(anonymous_1)
FNDA:0,(anonymous_2)
FNDA:0,(anonymous_3)
DA:4,0
DA:5,0
DA:7,0
DA:8,0
DA:14,0
DA:15,0
DA:18,0
DA:20,0
DA:30,0
DA:45,0
LF:10
LH:0
BRF:0
BRH:0
end_of_record
TN:
SF:src/components/SkeletonLoader/DashboardPlaybookSkeleton.tsx
FN:11,(anonymous_0)
FN:14,(anonymous_1)
FN:30,(anonymous_2)
FN:46,(anonymous_3)
FNF:4
FNH:0
FNDA:0,(anonymous_0)
FNDA:0,(anonymous_1)
FNDA:0,(anonymous_2)
FNDA:0,(anonymous_3)
DA:6,0
DA:7,0
DA:8,0
DA:9,0
DA:11,0
DA:12,0
DA:14,0
DA:15,0
DA:29,0
DA:30,0
DA:33,0
DA:38,0
DA:47,0
DA:81,0
LF:14
LH:0
BRDA:52,0,0,0
BRDA:52,0,1,0
BRF:2
BRH:0
end_of_record
TN:
SF:src/components/SkeletonLoader/DashboardPrayerSkeleton.tsx
FN:6,(anonymous_0)
FN:9,(anonymous_1)
FN:17,(anonymous_2)
FN:26,(anonymous_3)
FNF:4
FNH:0
FNDA:0,(anonymous_0)
FNDA:0,(anonymous_1)
FNDA:0,(anonymous_2)
FNDA:0,(anonymous_3)
DA:6,0
DA:7,0
DA:9,0
DA:10,0
DA:16,0
DA:17,0
DA:20,0
DA:22,0
DA:27,0
DA:47,0
LF:10
LH:0
BRF:0
BRH:0
end_of_record
TN:
SF:src/components/SkeletonLoader/DashboardReflectionSkeleton.tsx
FN:4,(anonymous_0)
FN:12,(anonymous_1)
FN:20,(anonymous_2)
FNF:3
FNH:0
FNDA:0,(anonymous_0)
FNDA:0,(anonymous_1)
FNDA:0,(anonymous_2)
DA:4,0
DA:5,0
DA:7,0
DA:8,0
DA:9,0
DA:10,0
DA:12,0
DA:13,0
DA:19,0
DA:20,0
DA:23,0
DA:25,0
DA:48,0
LF:13
LH:0
BRF:0
BRH:0
end_of_record
TN:
SF:src/components/SkeletonLoader/DashboardScriptureSkeleton.tsx
FN:4,(anonymous_0)
FN:7,(anonymous_1)
FN:15,(anonymous_2)
FNF:3
FNH:0
FNDA:0,(anonymous_0)
FNDA:0,(anonymous_1)
FNDA:0,(anonymous_2)
DA:4,0
DA:5,0
DA:7,0
DA:8,0
DA:14,0
DA:15,0
DA:18,0
DA:20,0
DA:40,0
LF:9
LH:0
BRF:0
BRH:0
end_of_record
TN:
SF:src/components/SkeletonLoader/DevotionalCarouselSkeleton.tsx
FN:13,(anonymous_0)
FN:16,(anonymous_1)
FN:32,(anonymous_2)
FN:51,(anonymous_3)
FNF:4
FNH:0
FNDA:0,(anonymous_0)
FNDA:0,(anonymous_1)
FNDA:0,(anonymous_2)
FNDA:0,(anonymous_3)
DA:6,0
DA:7,0
DA:8,0
DA:9,0
DA:10,0
DA:11,0
DA:13,0
DA:14,0
DA:16,0
DA:17,0
DA:31,0
DA:32,0
DA:35,0
DA:40,0
DA:53,0
DA:55,0
DA:93,0
LF:17
LH:0
BRDA:53,0,0,0
BRDA:53,0,1,0
BRF:2
BRH:0
end_of_record
TN:
SF:src/components/SkeletonLoader/DevotionalDetailSkeleton.tsx
FN:5,(anonymous_0)
FN:8,(anonymous_1)
FN:24,(anonymous_2)
FN:48,(anonymous_3)
FN:73,(anonymous_4)
FN:93,(anonymous_5)
FN:105,(anonymous_6)
FNF:7
FNH:0
FNDA:0,(anonymous_0)
FNDA:0,(anonymous_1)
FNDA:0,(anonymous_2)
FNDA:0,(anonymous_3)
FNDA:0,(anonymous_4)
FNDA:0,(anonymous_5)
FNDA:0,(anonymous_6)
DA:5,0
DA:6,0
DA:8,0
DA:9,0
DA:23,0
DA:24,0
DA:27,0
DA:32,0
DA:49,0
DA:75,0
DA:77,0
DA:94,0
DA:107,0
DA:109,0
DA:128,0
LF:15
LH:0
BRDA:75,0,0,0
BRDA:75,0,1,0
BRDA:107,1,0,0
BRDA:107,1,1,0
BRF:4
BRH:0
end_of_record
TN:
SF:src/components/SkeletonLoader/DevotionalSkeleton.tsx
FN:4,(anonymous_0)
FN:7,(anonymous_1)
FN:23,(anonymous_2)
FN:36,(anonymous_3)
FNF:4
FNH:0
FNDA:0,(anonymous_0)
FNDA:0,(anonymous_1)
FNDA:0,(anonymous_2)
FNDA:0,(anonymous_3)
DA:4,0
DA:5,0
DA:7,0
DA:8,0
DA:22,0
DA:23,0
DA:26,0
DA:31,0
DA:37,0
DA:76,0
LF:10
LH:0
BRF:0
BRH:0
end_of_record
TN:
SF:src/components/SkeletonLoader/GratitudeSkeleton.tsx
FN:8,(anonymous_0)
FN:11,(anonymous_1)
FN:27,(anonymous_2)
FN:37,(anonymous_3)
FNF:4
FNH:0
FNDA:0,(anonymous_0)
FNDA:0,(anonymous_1)
FNDA:0,(anonymous_2)
FNDA:0,(anonymous_3)
DA:8,0
DA:9,0
DA:11,0
DA:12,0
DA:26,0
DA:27,0
DA:30,0
DA:35,0
DA:38,0
DA:47,0
LF:10
LH:0
BRDA:8,0,0,0
BRF:1
BRH:0
end_of_record
TN:
SF:src/components/SkeletonLoader/LookingForwardSkeleton.tsx
FN:7,(anonymous_0)
FNF:1
FNH:0
FNDA:0,(anonymous_0)
DA:7,0
DA:8,0
DA:23,0
LF:3
LH:0
BRF:0
BRH:0
end_of_record
TN:
SF:src/components/SkeletonLoader/MomentsSkeleton.tsx
FN:6,(anonymous_0)
FN:9,(anonymous_1)
FN:17,(anonymous_2)
FN:34,(anonymous_3)
FNF:4
FNH:0
FNDA:0,(anonymous_0)
FNDA:0,(anonymous_1)
FNDA:0,(anonymous_2)
FNDA:0,(anonymous_3)
DA:4,0
DA:6,0
DA:7,0
DA:9,0
DA:10,0
DA:16,0
DA:17,0
DA:20,0
DA:22,0
DA:35,0
DA:45,0
LF:11
LH:0
BRF:0
BRH:0
end_of_record
TN:
SF:src/components/SkeletonLoader/PlaybookSkeleton.tsx
FN:4,(anonymous_0)
FN:7,(anonymous_1)
FN:23,(anonymous_2)
FN:36,(anonymous_3)
FNF:4
FNH:0
FNDA:0,(anonymous_0)
FNDA:0,(anonymous_1)
FNDA:0,(anonymous_2)
FNDA:0,(anonymous_3)
DA:4,0
DA:5,0
DA:7,0
DA:8,0
DA:22,0
DA:23,0
DA:26,0
DA:31,0
DA:37,0
DA:64,0
LF:10
LH:0
BRF:0
BRH:0
end_of_record
TN:
SF:src/components/SkeletonLoader/PrayerSkeleton.tsx
FN:9,(anonymous_0)
FN:15,(anonymous_1)
FN:31,(anonymous_2)
FN:57,(anonymous_3)
FN:65,(anonymous_4)
FNF:5
FNH:0
FNDA:0,(anonymous_0)
FNDA:0,(anonymous_1)
FNDA:0,(anonymous_2)
FNDA:0,(anonymous_3)
FNDA:0,(anonymous_4)
DA:9,0
DA:13,0
DA:15,0
DA:16,0
DA:30,0
DA:31,0
DA:34,0
DA:39,0
DA:58,0
DA:66,0
DA:81,0
LF:11
LH:0
BRDA:10,0,0,0
BRDA:11,1,0,0
BRDA:42,2,0,0
BRDA:42,2,1,0
BRDA:55,3,0,0
BRDA:55,3,1,0
BRDA:68,4,0,0
BRDA:68,4,1,0
BRF:8
BRH:0
end_of_record
TN:
SF:src/components/SkeletonLoader/ReflectionSkeleton.tsx
FN:8,(anonymous_0)
FN:11,(anonymous_1)
FN:27,(anonymous_2)
FN:37,(anonymous_3)
FNF:4
FNH:0
FNDA:0,(anonymous_0)
FNDA:0,(anonymous_1)
FNDA:0,(anonymous_2)
FNDA:0,(anonymous_3)
DA:8,0
DA:9,0
DA:11,0
DA:12,0
DA:26,0
DA:27,0
DA:30,0
DA:35,0
DA:38,0
DA:54,0
LF:10
LH:0
BRDA:8,0,0,0
BRF:1
BRH:0
end_of_record
TN:
SF:src/components/SkeletonLoader/TimeBlockSkeleton.tsx
FN:8,(anonymous_0)
FN:11,(anonymous_1)
FN:29,(anonymous_2)
FN:37,(anonymous_3)
FN:59,(anonymous_4)
FNF:5
FNH:0
FNDA:0,(anonymous_0)
FNDA:0,(anonymous_1)
FNDA:0,(anonymous_2)
FNDA:0,(anonymous_3)
FNDA:0,(anonymous_4)
DA:8,0
DA:9,0
DA:11,0
DA:12,0
DA:28,0
DA:29,0
DA:32,0
DA:37,0
DA:38,0
DA:57,0
DA:59,0
DA:64,0
LF:12
LH:0
BRDA:8,0,0,0
BRF:1
BRH:0
end_of_record
TN:
SF:src/components/SkeletonLoader/TodayWinSkeleton.tsx
FN:4,(anonymous_0)
FNF:1
FNH:0
FNDA:0,(anonymous_0)
DA:4,0
DA:5,0
DA:19,0
LF:3
LH:0
BRF:0
BRH:0
end_of_record
TN:
SF:src/components/SkeletonLoader/TodaysFocusSkeleton.tsx
FN:4,(anonymous_0)
FN:7,(anonymous_1)
FN:23,(anonymous_2)
FN:43,(anonymous_3)
FNF:4
FNH:0
FNDA:0,(anonymous_0)
FNDA:0,(anonymous_1)
FNDA:0,(anonymous_2)
FNDA:0,(anonymous_3)
DA:4,0
DA:5,0
DA:7,0
DA:8,0
DA:22,0
DA:23,0
DA:26,0
DA:31,0
DA:44,0
DA:54,0
LF:10
LH:0
BRF:0
BRH:0
end_of_record
TN:
SF:src/components/SkeletonLoader/TodoSkeleton.tsx
FN:8,(anonymous_0)
FN:11,(anonymous_1)
FN:27,(anonymous_2)
FN:37,(anonymous_3)
FNF:4
FNH:0
FNDA:0,(anonymous_0)
FNDA:0,(anonymous_1)
FNDA:0,(anonymous_2)
FNDA:0,(anonymous_3)
DA:8,0
DA:9,0
DA:11,0
DA:12,0
DA:26,0
DA:27,0
DA:30,0
DA:35,0
DA:38,0
DA:51,0
LF:10
LH:0
BRDA:8,0,0,0
BRF:1
BRH:0
end_of_record
TN:
SF:src/components/admin/DevAdminFloatingButton.tsx
FN:10,(anonymous_0)
FN:13,(anonymous_1)
FNF:2
FNH:0
FNDA:0,(anonymous_0)
FNDA:0,(anonymous_1)
DA:10,0
DA:11,0
DA:13,0
DA:15,0
DA:18,0
DA:32,0
LF:6
LH:0
BRDA:10,0,0,0
BRDA:11,1,0,0
BRDA:11,1,1,0
BRDA:35,2,0,0
BRDA:35,2,1,0
BRF:5
BRH:0
end_of_record
TN:
SF:src/components/admin/DevAdminPanelModal.tsx
FN:10,(anonymous_0)
FNF:1
FNH:0
FNDA:0,(anonymous_0)
DA:10,0
DA:12,0
DA:29,0
LF:3
LH:0
BRDA:18,0,0,0
BRDA:18,0,1,0
BRF:2
BRH:0
end_of_record
TN:
SF:src/components/admin/OnboardingAdminPanel.tsx
FN:27,(anonymous_0)
FN:37,(anonymous_1)
FN:46,(anonymous_2)
FN:56,(anonymous_3)
FN:62,(anonymous_4)
FN:71,(anonymous_5)
FN:81,(anonymous_6)
FN:93,(anonymous_7)
FN:126,(anonymous_8)
FN:134,(anonymous_9)
FN:142,(anonymous_10)
FNF:11
FNH:0
FNDA:0,(anonymous_0)
FNDA:0,(anonymous_1)
FNDA:0,(anonymous_2)
FNDA:0,(anonymous_3)
FNDA:0,(anonymous_4)
FNDA:0,(anonymous_5)
FNDA:0,(anonymous_6)
FNDA:0,(anonymous_7)
FNDA:0,(anonymous_8)
FNDA:0,(anonymous_9)
FNDA:0,(anonymous_10)
DA:27,0
DA:29,0
DA:30,0
DA:31,0
DA:32,0
DA:34,0
DA:35,0
DA:37,0
DA:38,0
DA:39,0
DA:40,0
DA:42,0
DA:43,0
DA:44,0
DA:46,0
DA:47,0
DA:50,0
DA:52,0
DA:56,0
DA:58,0
DA:59,0
DA:62,0
DA:63,0
DA:64,0
DA:65,0
DA:67,0
DA:68,0
DA:69,0
DA:71,0
DA:72,0
DA:75,0
DA:77,0
DA:81,0
DA:82,0
DA:83,0
DA:84,0
DA:85,0
DA:87,0
DA:89,0
DA:93,0
DA:94,0
DA:95,0
DA:96,0
DA:98,0
DA:99,0
DA:101,0
DA:103,0
DA:107,0
DA:109,0
DA:112,0
DA:126,0
DA:134,0
DA:142,0
DA:213,0
LF:54
LH:0
BRDA:27,0,0,0
BRDA:107,1,0,0
BRDA:107,1,1,0
BRDA:117,2,0,0
BRDA:117,2,1,0
BRDA:125,3,0,0
BRDA:125,3,1,0
BRDA:128,4,0,0
BRDA:128,4,1,0
BRDA:133,5,0,0
BRDA:133,5,1,0
BRDA:136,6,0,0
BRDA:136,6,1,0
BRDA:141,7,0,0
BRDA:141,7,1,0
BRDA:144,8,0,0
BRDA:144,8,1,0
BRDA:153,9,0,0
BRDA:153,9,1,0
BRDA:174,10,0,0
BRDA:174,10,1,0
BRDA:182,11,0,0
BRDA:182,11,1,0
BRDA:191,12,0,0
BRDA:191,12,1,0
BRDA:197,13,0,0
BRDA:197,13,1,0
BRDA:203,14,0,0
BRDA:203,14,1,0
BRF:29
BRH:0
end_of_record
TN:
SF:src/components/auth/AppleSignInButton.tsx
FN:18,(anonymous_0)
FNF:1
FNH:0
FNDA:0,(anonymous_0)
DA:18,0
DA:24,0
DA:49,0
LF:3
LH:0
BRDA:20,0,0,0
BRDA:21,1,0,0
BRDA:26,2,0,0
BRDA:26,2,1,0
BRDA:28,3,0,0
BRDA:28,3,1,0
BRDA:31,4,0,0
BRDA:31,4,1,0
BRDA:34,5,0,0
BRDA:34,5,1,0
BRDA:42,6,0,0
BRDA:42,6,1,0
BRF:12
BRH:0
end_of_record
TN:
SF:src/components/auth/GoogleSignInButton.tsx
FN:18,(anonymous_0)
FNF:1
FNH:0
FNDA:0,(anonymous_0)
DA:18,0
DA:24,0
DA:49,0
LF:3
LH:0
BRDA:20,0,0,0
BRDA:21,1,0,0
BRDA:26,2,0,0
BRDA:26,2,1,0
BRDA:28,3,0,0
BRDA:28,3,1,0
BRDA:31,4,0,0
BRDA:31,4,1,0
BRDA:34,5,0,0
BRDA:34,5,1,0
BRDA:42,6,0,0
BRDA:42,6,1,0
BRF:12
BRH:0
end_of_record
TN:
SF:src/components/auth/NameCollectionModal.tsx
FN:33,(anonymous_0)
FN:43,(anonymous_1)
FN:53,(anonymous_2)
FNF:3
FNH:0
FNDA:0,(anonymous_0)
FNDA:0,(anonymous_1)
FNDA:0,(anonymous_2)
DA:14,0
DA:33,0
DA:39,0
DA:40,0
DA:41,0
DA:43,0
DA:44,0
DA:45,0
DA:46,0
DA:49,0
DA:50,0
DA:53,0
DA:54,0
DA:64,0
DA:141,0
LF:15
LH:0
BRDA:44,0,0,0
BRDA:44,0,1,0
BRDA:73,1,0,0
BRDA:73,1,1,0
BRDA:123,2,0,0
BRDA:123,2,1,0
BRF:6
BRH:0
end_of_record
TN:
SF:src/components/common/GlobalFontApplier.tsx
FN:6,(anonymous_0)
FN:9,(anonymous_1)
FNF:2
FNH:0
FNDA:0,(anonymous_0)
FNDA:0,(anonymous_1)
DA:6,0
DA:7,0
DA:9,0
DA:10,0
DA:11,0
DA:14,0
DA:15,0
DA:17,0
DA:18,0
DA:22,0
DA:27,0
DA:33,0
LF:12
LH:0
BRDA:10,0,0,0
BRDA:10,0,1,0
BRDA:14,1,0,0
BRDA:14,1,1,0
BRDA:17,2,0,0
BRDA:17,2,1,0
BRF:6
BRH:0
end_of_record
TN:
SF:src/components/common/ThemedText.tsx
FN:13,(anonymous_0)
FNF:1
FNH:0
FNDA:0,(anonymous_0)
DA:13,0
DA:14,0
DA:15,0
DA:16,0
DA:19,0
DA:23,0
LF:6
LH:0
BRDA:13,0,0,0
BRDA:15,1,0,0
BRDA:15,1,1,0
BRDA:19,2,0,0
BRDA:19,2,1,0
BRF:5
BRH:0
end_of_record
TN:
SF:src/components/common/ThemedTextInput.tsx
FN:13,(anonymous_0)
FNF:1
FNH:0
FNDA:0,(anonymous_0)
DA:13,0
DA:14,0
DA:15,0
DA:16,0
DA:18,0
DA:23,0
LF:6
LH:0
BRDA:13,0,0,0
BRDA:15,1,0,0
BRDA:15,1,1,0
BRF:3
BRH:0
end_of_record
TN:
SF:src/components/dashboard/ActionStepsCard.tsx
FN:63,(anonymous_0)
FN:75,(anonymous_1)
FN:85,(anonymous_2)
FN:93,(anonymous_3)
FN:94,(anonymous_4)
FN:105,(anonymous_5)
FN:107,(anonymous_6)
FN:108,(anonymous_7)
FN:113,(anonymous_8)
FN:117,(anonymous_9)
FN:153,(anonymous_10)
FN:162,(anonymous_11)
FN:171,(anonymous_12)
FN:209,(anonymous_13)
FN:210,(anonymous_14)
FN:219,(anonymous_15)
FN:254,(anonymous_16)
FN:258,(anonymous_17)
FN:259,(anonymous_18)
FN:274,(anonymous_19)
FN:279,(anonymous_20)
FN:288,(anonymous_21)
FN:300,(anonymous_22)
FN:307,(anonymous_23)
FN:316,(anonymous_24)
FN:317,(anonymous_25)
FN:328,(anonymous_26)
FN:333,(anonymous_27)
FN:348,(anonymous_28)
FN:348,(anonymous_29)
FN:350,(anonymous_30)
FN:353,(anonymous_31)
FN:377,(anonymous_32)
FN:399,(anonymous_33)
FN:402,(anonymous_34)
FN:410,(anonymous_35)
FN:431,(anonymous_36)
FN:432,(anonymous_37)
FN:435,(anonymous_38)
FN:439,(anonymous_39)
FN:442,(anonymous_40)
FN:466,(anonymous_41)
FN:469,(anonymous_42)
FN:514,(anonymous_43)
FN:541,(anonymous_44)
FN:562,(anonymous_45)
FN:578,(anonymous_46)
FN:592,(anonymous_47)
FN:605,(anonymous_48)
FNF:49
FNH:0
FNDA:0,(anonymous_0)
FNDA:0,(anonymous_1)
FNDA:0,(anonymous_2)
FNDA:0,(anonymous_3)
FNDA:0,(anonymous_4)
FNDA:0,(anonymous_5)
FNDA:0,(anonymous_6)
FNDA:0,(anonymous_7)
FNDA:0,(anonymous_8)
FNDA:0,(anonymous_9)
FNDA:0,(anonymous_10)
FNDA:0,(anonymous_11)
FNDA:0,(anonymous_12)
FNDA:0,(anonymous_13)
FNDA:0,(anonymous_14)
FNDA:0,(anonymous_15)
FNDA:0,(anonymous_16)
FNDA:0,(anonymous_17)
FNDA:0,(anonymous_18)
FNDA:0,(anonymous_19)
FNDA:0,(anonymous_20)
FNDA:0,(anonymous_21)
FNDA:0,(anonymous_22)
FNDA:0,(anonymous_23)
FNDA:0,(anonymous_24)
FNDA:0,(anonymous_25)
FNDA:0,(anonymous_26)
FNDA:0,(anonymous_27)
FNDA:0,(anonymous_28)
FNDA:0,(anonymous_29)
FNDA:0,(anonymous_30)
FNDA:0,(anonymous_31)
FNDA:0,(anonymous_32)
FNDA:0,(anonymous_33)
FNDA:0,(anonymous_34)
FNDA:0,(anonymous_35)
FNDA:0,(anonymous_36)
FNDA:0,(anonymous_37)
FNDA:0,(anonymous_38)
FNDA:0,(anonymous_39)
FNDA:0,(anonymous_40)
FNDA:0,(anonymous_41)
FNDA:0,(anonymous_42)
FNDA:0,(anonymous_43)
FNDA:0,(anonymous_44)
FNDA:0,(anonymous_45)
FNDA:0,(anonymous_46)
FNDA:0,(anonymous_47)
FNDA:0,(anonymous_48)
DA:63,0
DA:64,0
DA:65,0
DA:66,0
DA:67,0
DA:68,0
DA:69,0
DA:70,0
DA:71,0
DA:72,0
DA:75,0
DA:76,0
DA:80,0
DA:85,0
DA:86,0
DA:90,0
DA:93,0
DA:94,0
DA:95,0
DA:96,0
DA:97,0
DA:102,0
DA:105,0
DA:107,0
DA:108,0
DA:109,0
DA:110,0
DA:113,0
DA:114,0
DA:117,0
DA:118,0
DA:119,0
DA:122,0
DA:123,0
DA:127,0
DA:131,0
DA:134,0
DA:141,0
DA:142,0
DA:143,0
DA:144,0
DA:150,0
DA:152,0
DA:153,0
DA:155,0
DA:157,0
DA:162,0
DA:163,0
DA:167,0
DA:171,0
DA:172,0
DA:174,0
DA:175,0
DA:176,0
DA:179,0
DA:198,0
DA:199,0
DA:200,0
DA:203,0
DA:204,0
DA:205,0
DA:209,0
DA:210,0
DA:219,0
DA:220,0
DA:223,0
DA:224,0
DA:226,0
DA:249,0
DA:251,0
DA:254,0
DA:255,0
DA:258,0
DA:259,0
DA:261,0
DA:267,0
DA:268,0
DA:270,0
DA:274,0
DA:275,0
DA:279,0
DA:280,0
DA:282,0
DA:283,0
DA:290,0
DA:302,0
DA:307,0
DA:308,0
DA:309,0
DA:310,0
DA:316,0
DA:317,0
DA:318,0
DA:319,0
DA:320,0
DA:328,0
DA:330,0
DA:333,0
DA:334,0
DA:336,0
DA:338,0
DA:343,0
DA:348,0
DA:349,0
DA:350,0
DA:351,0
DA:353,0
DA:355,0
DA:361,0
DA:365,0
DA:366,0
DA:367,0
DA:370,0
DA:374,0
DA:377,0
DA:379,0
DA:380,0
DA:396,0
DA:399,0
DA:402,0
DA:403,0
DA:404,0
DA:410,0
DA:411,0
DA:412,0
DA:413,0
DA:414,0
DA:415,0
DA:416,0
DA:427,0
DA:428,0
DA:429,0
DA:431,0
DA:432,0
DA:435,0
DA:436,0
DA:439,0
DA:440,0
DA:442,0
DA:466,0
DA:467,0
DA:470,0
DA:471,0
DA:472,0
DA:514,0
DA:541,0
DA:542,0
DA:551,0
DA:552,0
DA:555,0
DA:563,0
DA:564,0
DA:578,0
DA:592,0
DA:605,0
DA:626,0
LF:156
LH:0
BRDA:75,0,0,0
BRDA:95,1,0,0
BRDA:95,1,1,0
BRDA:95,2,0,0
BRDA:95,2,1,0
BRDA:95,2,2,0
BRDA:109,3,0,0
BRDA:109,3,1,0
BRDA:109,4,0,0
BRDA:109,4,1,0
BRDA:109,4,2,0
BRDA:109,4,3,0
BRDA:114,5,0,0
BRDA:114,5,1,0
BRDA:114,6,0,0
BRDA:114,6,1,0
BRDA:122,7,0,0
BRDA:122,7,1,0
BRDA:131,8,0,0
BRDA:131,8,1,0
BRDA:163,9,0,0
BRDA:163,9,1,0
BRDA:172,10,0,0
BRDA:172,10,1,0
BRDA:198,11,0,0
BRDA:198,11,1,0
BRDA:203,12,0,0
BRDA:203,12,1,0
BRDA:203,13,0,0
BRDA:203,13,1,0
BRDA:210,14,0,0
BRDA:210,14,1,0
BRDA:212,15,0,0
BRDA:212,15,1,0
BRDA:213,16,0,0
BRDA:213,16,1,0
BRDA:223,17,0,0
BRDA:223,17,1,0
BRDA:224,18,0,0
BRDA:224,18,1,0
BRDA:228,19,0,0
BRDA:228,19,1,0
BRDA:229,20,0,0
BRDA:229,20,1,0
BRDA:230,21,0,0
BRDA:230,21,1,0
BRDA:232,22,0,0
BRDA:232,22,1,0
BRDA:233,23,0,0
BRDA:233,23,1,0
BRDA:235,24,0,0
BRDA:235,24,1,0
BRDA:236,25,0,0
BRDA:236,25,1,0
BRDA:237,26,0,0
BRDA:237,26,1,0
BRDA:238,27,0,0
BRDA:238,27,1,0
BRDA:239,28,0,0
BRDA:239,28,1,0
BRDA:240,29,0,0
BRDA:240,29,1,0
BRDA:255,30,0,0
BRDA:255,30,1,0
BRDA:280,31,0,0
BRDA:280,31,1,0
BRDA:319,32,0,0
BRDA:319,32,1,0
BRDA:334,33,0,0
BRDA:334,33,1,0
BRDA:343,34,0,0
BRDA:343,34,1,0
BRDA:349,35,0,0
BRDA:349,35,1,0
BRDA:350,36,0,0
BRDA:350,36,1,0
BRDA:351,37,0,0
BRDA:351,37,1,0
BRDA:403,38,0,0
BRDA:403,38,1,0
BRDA:411,39,0,0
BRDA:411,39,1,0
BRDA:412,40,0,0
BRDA:412,40,1,0
BRDA:414,41,0,0
BRDA:414,41,1,0
BRDA:420,42,0,0
BRDA:420,42,1,0
BRDA:429,43,0,0
BRDA:429,43,1,0
BRDA:442,44,0,0
BRDA:442,44,1,0
BRDA:448,45,0,0
BRDA:448,45,1,0
BRDA:450,46,0,0
BRDA:450,46,1,0
BRDA:457,47,0,0
BRDA:457,47,1,0
BRDA:483,48,0,0
BRDA:483,48,1,0
BRDA:483,48,2,0
BRDA:486,49,0,0
BRDA:486,49,1,0
BRDA:492,50,0,0
BRDA:492,50,1,0
BRDA:492,50,2,0
BRDA:503,51,0,0
BRDA:503,51,1,0
BRDA:503,51,2,0
BRDA:512,52,0,0
BRDA:512,52,1,0
BRDA:512,52,2,0
BRDA:518,53,0,0
BRDA:518,53,1,0
BRDA:533,54,0,0
BRDA:533,54,1,0
BRDA:551,55,0,0
BRDA:551,55,1,0
BRDA:558,56,0,0
BRDA:558,56,1,0
BRDA:571,57,0,0
BRDA:571,57,1,0
BRDA:586,58,0,0
BRDA:586,58,1,0
BRDA:589,59,0,0
BRDA:589,59,1,0
BRDA:602,60,0,0
BRDA:602,60,1,0
BRF:128
BRH:0
end_of_record
TN:
SF:src/components/dashboard/DailyAffirmationCard.tsx
FN:37,(anonymous_0)
FN:58,(anonymous_1)
FN:76,(anonymous_2)
FN:95,(anonymous_3)
FN:97,(anonymous_4)
FN:100,(anonymous_5)
FN:101,(anonymous_6)
FN:125,(anonymous_7)
FN:128,(anonymous_8)
FN:142,(anonymous_9)
FN:143,(anonymous_10)
FN:152,(anonymous_11)
FN:153,(anonymous_12)
FN:153,(anonymous_13)
FN:153,(anonymous_14)
FN:157,(anonymous_15)
FN:182,(anonymous_16)
FN:193,(anonymous_17)
FN:194,(anonymous_18)
FN:217,(anonymous_19)
FN:228,(anonymous_20)
FN:243,(anonymous_21)
FN:243,(anonymous_22)
FN:251,(anonymous_23)
FN:256,(anonymous_24)
FN:262,(anonymous_25)
FN:270,(anonymous_26)
FN:271,(anonymous_27)
FN:288,(anonymous_28)
FN:293,(anonymous_29)
FN:294,(anonymous_30)
FN:304,(anonymous_31)
FN:305,(anonymous_32)
FN:307,(anonymous_33)
FN:313,(anonymous_34)
FN:316,(anonymous_35)
FN:327,(anonymous_36)
FN:366,(anonymous_37)
FN:369,(anonymous_38)
FN:385,(anonymous_39)
FN:407,(anonymous_40)
FN:422,(anonymous_41)
FNF:42
[...]
FNDA:0,replaceHardcodedNames
FNDA:0,escapeRegExp
FNDA:0,isLikelyName
FNDA:11,replaceAllNamePlaceholders
FNDA:10,hasNamePlaceholders
DA:13,6
DA:14,3
DA:17,3
DA:29,0
DA:30,0
DA:33,0
DA:36,0
DA:38,0
DA:39,0
DA:43,0
DA:52,0
DA:53,0
DA:54,0
DA:55,0
DA:56,0
DA:59,0
DA:60,0
DA:61,0
DA:63,0
DA:66,0
DA:71,0
DA:78,0
DA:87,0
DA:88,0
DA:92,0
DA:93,0
DA:97,0
DA:98,0
DA:102,0
DA:103,0
DA:104,0
DA:107,0
DA:123,11
DA:124,0
DA:127,11
DA:128,11
DA:131,11
DA:133,10
DA:135,9
DA:138,9
DA:139,0
DA:141,0
DA:146,10
DA:147,8
DA:151,10
DA:152,8
DA:155,10
DA:164,10
DA:165,3
DA:168,7
LF:50
LH:18
BRDA:13,0,0,3
BRDA:13,0,1,3
BRDA:13,1,0,6
BRDA:13,1,1,4
BRDA:29,2,0,0
BRDA:29,2,1,0
BRDA:29,3,0,0
BRDA:29,3,1,0
BRDA:36,4,0,0
BRDA:36,4,1,0
BRDA:36,5,0,0
BRDA:36,5,1,0
BRDA:54,6,0,0
BRDA:54,6,1,0
BRDA:54,7,0,0
BRDA:54,7,1,0
BRDA:56,8,0,0
BRDA:56,8,1,0
BRDA:59,9,0,0
BRDA:59,9,1,0
BRDA:59,10,0,0
BRDA:59,10,1,0
BRDA:59,10,2,0
BRDA:60,11,0,0
BRDA:60,11,1,0
BRDA:87,12,0,0
BRDA:87,12,1,0
BRDA:92,13,0,0
BRDA:92,13,1,0
BRDA:97,14,0,0
BRDA:97,14,1,0
BRDA:97,15,0,0
BRDA:97,15,1,0
BRDA:103,16,0,0
BRDA:103,16,1,0
BRDA:123,17,0,0
BRDA:123,17,1,11
BRDA:131,18,0,11
BRDA:131,18,1,2
BRDA:131,19,0,1
BRDA:131,19,1,1
BRDA:133,20,0,9
BRDA:133,20,1,1
BRDA:138,21,0,0
BRDA:138,21,1,9
BRDA:146,22,0,8
BRDA:146,22,1,2
BRDA:151,23,0,8
BRDA:151,23,1,2
BRDA:164,24,0,3
BRDA:164,24,1,7
BRF:51
BRH:18
end_of_record
TN:
SF:src/utils/performanceMonitor.ts
FN:30,(anonymous_0)
FN:37,(anonymous_1)
FN:41,(anonymous_2)
FN:61,(anonymous_3)
FN:92,(anonymous_4)
FN:93,(anonymous_5)
FN:99,(anonymous_6)
FN:100,(anonymous_7)
FN:103,(anonymous_8)
FN:114,(anonymous_9)
FN:116,(anonymous_10)
FN:118,(anonymous_11)
FN:131,(anonymous_12)
FN:133,(anonymous_13)
FN:134,(anonymous_14)
FN:141,(anonymous_15)
FN:143,(anonymous_16)
FN:149,(anonymous_17)
FN:157,(anonymous_18)
FN:172,(anonymous_19)
FN:180,(anonymous_20)
FN:194,(anonymous_21)
FN:212,(anonymous_22)
FN:226,(anonymous_23)
FN:241,(anonymous_24)
FN:245,(anonymous_25)
FN:273,(anonymous_26)
FN:277,(anonymous_27)
FN:307,(anonymous_28)
FN:311,(anonymous_29)
FN:317,(anonymous_30)
FN:328,(anonymous_31)
FN:333,(anonymous_32)
FN:365,(anonymous_33)
FN:372,(anonymous_34)
FN:381,(anonymous_35)
FN:386,(anonymous_36)
FN:394,(anonymous_37)
FN:414,(anonymous_38)
FN:429,(anonymous_39)
FN:444,(anonymous_40)
FN:459,(anonymous_41)
FN:462,(anonymous_42)
FN:463,(anonymous_43)
FN:470,(anonymous_44)
FN:472,(anonymous_45)
FN:473,(anonymous_46)
FN:474,(anonymous_47)
FNF:48
FNH:0
FNDA:0,(anonymous_0)
FNDA:0,(anonymous_1)
FNDA:0,(anonymous_2)
FNDA:0,(anonymous_3)
FNDA:0,(anonymous_4)
FNDA:0,(anonymous_5)
FNDA:0,(anonymous_6)
FNDA:0,(anonymous_7)
FNDA:0,(anonymous_8)
FNDA:0,(anonymous_9)
FNDA:0,(anonymous_10)
FNDA:0,(anonymous_11)
FNDA:0,(anonymous_12)
FNDA:0,(anonymous_13)
FNDA:0,(anonymous_14)
FNDA:0,(anonymous_15)
FNDA:0,(anonymous_16)
FNDA:0,(anonymous_17)
FNDA:0,(anonymous_18)
FNDA:0,(anonymous_19)
FNDA:0,(anonymous_20)
FNDA:0,(anonymous_21)
FNDA:0,(anonymous_22)
FNDA:0,(anonymous_23)
FNDA:0,(anonymous_24)
FNDA:0,(anonymous_25)
FNDA:0,(anonymous_26)
FNDA:0,(anonymous_27)
FNDA:0,(anonymous_28)
FNDA:0,(anonymous_29)
FNDA:0,(anonymous_30)
FNDA:0,(anonymous_31)
FNDA:0,(anonymous_32)
FNDA:0,(anonymous_33)
FNDA:0,(anonymous_34)
FNDA:0,(anonymous_35)
FNDA:0,(anonymous_36)
FNDA:0,(anonymous_37)
FNDA:0,(anonymous_38)
FNDA:0,(anonymous_39)
FNDA:0,(anonymous_40)
FNDA:0,(anonymous_41)
FNDA:0,(anonymous_42)
FNDA:0,(anonymous_43)
FNDA:0,(anonymous_44)
FNDA:0,(anonymous_45)
FNDA:0,(anonymous_46)
FNDA:0,(anonymous_47)
DA:26,0
DA:27,0
DA:28,0
DA:31,0
DA:38,0
DA:40,0
DA:42,0
DA:43,0
DA:45,0
DA:53,0
DA:62,0
DA:65,0
DA:66,0
DA:70,0
DA:71,0
DA:73,0
DA:75,0
DA:79,0
DA:80,0
DA:84,0
DA:85,0
DA:93,0
DA:95,0
DA:96,0
DA:99,0
DA:100,0
DA:102,0
DA:103,0
DA:115,0
DA:116,0
DA:118,0
DA:119,0
DA:120,0
DA:121,0
DA:125,0
DA:132,0
DA:133,0
DA:134,0
DA:142,0
DA:143,0
DA:150,0
DA:151,0
DA:158,0
DA:159,0
DA:160,0
DA:162,0
DA:163,0
DA:166,0
DA:167,0
DA:170,0
DA:171,0
DA:172,0
DA:173,0
DA:175,0
DA:179,0
DA:180,0
DA:181,0
DA:182,0
DA:183,0
DA:184,0
DA:185,0
DA:188,0
DA:195,0
DA:197,0
DA:199,0
DA:201,0
DA:203,0
DA:205,0
DA:213,0
DA:214,0
DA:215,0
DA:216,0
DA:219,0
DA:227,0
DA:228,0
DA:230,0
DA:236,0
DA:241,0
DA:245,0
DA:246,0
DA:252,0
DA:253,0
DA:254,0
DA:255,0
DA:257,0
DA:258,0
DA:265,0
DA:273,0
DA:277,0
DA:278,0
DA:284,0
DA:285,0
DA:286,0
DA:287,0
DA:289,0
DA:290,0
DA:297,0
DA:307,0
DA:311,0
DA:312,0
DA:317,0
DA:318,0
DA:321,0
DA:328,0
DA:333,0
DA:334,0
DA:340,0
DA:341,0
DA:342,0
DA:343,0
DA:345,0
DA:346,0
DA:353,0
DA:361,0
DA:372,0
DA:386,0
DA:387,0
DA:389,0
DA:390,0
DA:393,0
DA:394,0
DA:396,0
DA:397,0
DA:400,0
DA:401,0
DA:410,0
DA:415,0
DA:416,0
DA:423,0
DA:430,0
DA:431,0
DA:438,0
DA:445,0
DA:446,0
DA:453,0
DA:460,0
DA:461,0
DA:462,0
DA:464,0
DA:465,0
DA:468,0
DA:470,0
DA:472,0
DA:473,0
DA:474,0
DA:480,0
DA:481,0
DA:482,0
DA:483,0
LF:149
LH:0
BRDA:65,0,0,0
BRDA:65,0,1,0
BRDA:73,1,0,0
BRDA:73,1,1,0
BRDA:73,2,0,0
BRDA:73,2,1,0
BRDA:73,2,2,0
BRDA:79,3,0,0
BRDA:79,3,1,0
BRDA:84,4,0,0
BRDA:84,4,1,0
BRDA:95,5,0,0
BRDA:95,5,1,0
BRDA:120,6,0,0
BRDA:120,6,1,0
BRDA:131,7,0,0
BRDA:141,8,0,0
BRDA:170,9,0,0
BRDA:170,9,1,0
BRDA:195,10,0,0
BRDA:195,10,1,0
BRDA:195,10,2,0
BRDA:195,10,3,0
BRDA:195,10,4,0
BRDA:215,11,0,0
BRDA:215,11,1,0
BRDA:263,12,0,0
BRDA:263,12,1,0
BRDA:295,13,0,0
BRDA:295,13,1,0
BRDA:351,14,0,0
BRDA:351,14,1,0
BRDA:384,15,0,0
BRDA:393,16,0,0
BRDA:393,16,1,0
BRDA:471,17,0,0
BRDA:471,17,1,0
BRDA:480,18,0,0
BRDA:480,18,1,0
BRF:39
BRH:0
end_of_record
TN:
SF:src/utils/prayerFormatting.ts
FN:16,normalizePrayerText
FN:29,(anonymous_1)
FNF:2
FNH:0
FNDA:0,normalizePrayerText
FNDA:0,(anonymous_1)
DA:17,0
DA:19,0
DA:29,0
LF:3
LH:0
BRDA:17,0,0,0
BRDA:17,0,1,0
BRF:2
BRH:0
end_of_record
TN:
SF:src/utils/progressReport.ts
FN:41,(anonymous_0)
FN:111,(anonymous_1)
FN:124,(anonymous_2)
FN:134,(anonymous_3)
FN:144,(anonymous_4)
FN:152,(anonymous_5)
FN:155,(anonymous_6)
FN:158,(anonymous_7)
FN:168,(anonymous_8)
FN:172,(anonymous_9)
FN:175,(anonymous_10)
FN:178,(anonymous_11)
FN:185,(anonymous_12)
FN:187,(anonymous_13)
FN:193,(anonymous_14)
FN:194,(anonymous_15)
FN:205,(anonymous_16)
FN:231,(anonymous_17)
FN:233,(anonymous_18)
FN:237,(anonymous_19)
FN:241,(anonymous_20)
FN:245,(anonymous_21)
FNF:22
FNH:0
FNDA:0,(anonymous_0)
FNDA:0,(anonymous_1)
FNDA:0,(anonymous_2)
FNDA:0,(anonymous_3)
FNDA:0,(anonymous_4)
FNDA:0,(anonymous_5)
FNDA:0,(anonymous_6)
FNDA:0,(anonymous_7)
FNDA:0,(anonymous_8)
FNDA:0,(anonymous_9)
FNDA:0,(anonymous_10)
FNDA:0,(anonymous_11)
FNDA:0,(anonymous_12)
FNDA:0,(anonymous_13)
FNDA:0,(anonymous_14)
FNDA:0,(anonymous_15)
FNDA:0,(anonymous_16)
FNDA:0,(anonymous_17)
FNDA:0,(anonymous_18)
FNDA:0,(anonymous_19)
FNDA:0,(anonymous_20)
FNDA:0,(anonymous_21)
DA:41,0
DA:43,0
DA:45,0
DA:48,0
DA:49,0
DA:51,0
DA:59,0
DA:62,0
DA:77,0
DA:85,0
DA:92,0
DA:94,0
DA:103,0
DA:106,0
DA:107,0
DA:111,0
DA:112,0
DA:117,0
DA:124,0
DA:125,0
DA:126,0
DA:127,0
DA:128,0
DA:131,0
DA:134,0
DA:136,0
DA:137,0
DA:138,0
DA:139,0
DA:141,0
DA:144,0
DA:145,0
DA:152,0
DA:155,0
DA:156,0
DA:158,0
DA:159,0
DA:160,0
DA:161,0
DA:163,0
DA:164,0
DA:165,0
DA:168,0
DA:172,0
DA:175,0
DA:176,0
DA:178,0
DA:185,0
DA:186,0
DA:187,0
DA:189,0
DA:190,0
DA:192,0
DA:193,0
DA:197,0
DA:198,0
DA:199,0
DA:202,0
DA:205,0
DA:206,0
DA:208,0
DA:209,0
DA:212,0
DA:213,0
DA:216,0
DA:217,0
DA:220,0
DA:221,0
DA:224,0
DA:225,0
DA:228,0
DA:231,0
DA:233,0
DA:237,0
DA:241,0
DA:245,0
LF:76
LH:0
BRDA:66,0,0,0
BRDA:66,0,1,0
BRDA:67,1,0,0
BRDA:67,1,1,0
BRDA:68,2,0,0
BRDA:68,2,1,0
BRDA:86,3,0,0
BRDA:86,3,1,0
BRDA:87,4,0,0
BRDA:87,4,1,0
BRDA:88,5,0,0
BRDA:88,5,1,0
BRDA:125,6,0,0
BRDA:125,6,1,0
BRDA:126,7,0,0
BRDA:126,7,1,0
BRDA:127,8,0,0
BRDA:127,8,1,0
BRDA:128,9,0,0
BRDA:128,9,1,0
BRDA:159,10,0,0
BRDA:159,10,1,0
BRDA:160,11,0,0
BRDA:160,11,1,0
BRDA:164,12,0,0
BRDA:164,12,1,0
BRDA:180,13,0,0
BRDA:180,13,1,0
BRDA:181,14,0,0
BRDA:181,14,1,0
BRDA:198,15,0,0
BRDA:198,15,1,0
BRDA:208,16,0,0
BRDA:208,16,1,0
BRDA:212,17,0,0
BRDA:212,17,1,0
BRDA:216,18,0,0
BRDA:216,18,1,0
BRDA:220,19,0,0
BRDA:220,19,1,0
BRDA:224,20,0,0
BRDA:224,20,1,0
BRF:42
BRH:0
end_of_record
TN:
SF:src/utils/retry.ts
FN:13,(anonymous_0)
FN:26,(anonymous_1)
FN:27,(anonymous_2)
FN:32,(anonymous_3)
FN:50,withRetry
FN:177,(anonymous_5)
FN:180,(anonymous_6)
FN:194,(anonymous_7)
FN:197,(anonymous_8)
FNF:9
FNH:0
FNDA:0,(anonymous_0)
FNDA:0,(anonymous_1)
FNDA:0,(anonymous_2)
FNDA:0,(anonymous_3)
FNDA:0,withRetry
FNDA:0,(anonymous_5)
FNDA:0,(anonymous_6)
FNDA:0,(anonymous_7)
FNDA:0,(anonymous_8)
DA:9,0
DA:15,0
DA:16,0
DA:17,0
DA:18,0
DA:19,0
DA:26,0
DA:27,0
DA:32,0
DA:37,0
DA:39,0
DA:41,0
DA:43,0
DA:54,0
DA:57,0
DA:58,0
DA:59,0
DA:61,0
DA:64,0
DA:65,0
DA:69,0
DA:70,0
DA:74,0
DA:75,0
DA:76,0
DA:78,0
DA:83,0
DA:84,0
DA:90,0
DA:177,0
DA:178,0
DA:180,0
DA:182,0
DA:183,0
DA:187,0
DA:194,0
DA:195,0
DA:197,0
DA:198,0
LF:39
LH:0
BRDA:15,0,0,0
BRDA:15,0,1,0
BRDA:16,1,0,0
BRDA:16,1,1,0
BRDA:17,2,0,0
BRDA:17,2,1,0
BRDA:18,3,0,0
BRDA:18,3,1,0
BRDA:37,4,0,0
BRDA:37,4,1,0
BRDA:37,4,2,0
BRDA:52,5,0,0
BRDA:64,6,0,0
BRDA:64,6,1,0
BRDA:69,7,0,0
BRDA:69,7,1,0
BRDA:75,8,0,0
BRDA:75,8,1,0
BRDA:83,9,0,0
BRDA:83,9,1,0
BRDA:177,10,0,0
BRDA:182,11,0,0
BRDA:182,11,1,0
BRDA:187,12,0,0
BRDA:187,12,1,0
BRDA:194,13,0,0
BRF:26
BRH:0
end_of_record
TN:
SF:src/utils/sessionManager.ts
FN:27,(anonymous_0)
FN:34,(anonymous_1)
FN:45,(anonymous_2)
FN:50,(anonymous_3)
FN:58,(anonymous_4)
FN:64,(anonymous_5)
FN:68,(anonymous_6)
FN:73,(anonymous_7)
FN:78,(anonymous_8)
FN:103,(anonymous_9)
FN:114,(anonymous_10)
FN:117,(anonymous_11)
FN:127,(anonymous_12)
FN:155,(anonymous_13)
FNF:14
FNH:0
FNDA:0,(anonymous_0)
FNDA:0,(anonymous_1)
FNDA:0,(anonymous_2)
FNDA:0,(anonymous_3)
FNDA:0,(anonymous_4)
FNDA:0,(anonymous_5)
FNDA:0,(anonymous_6)
FNDA:0,(anonymous_7)
FNDA:0,(anonymous_8)
FNDA:0,(anonymous_9)
FNDA:0,(anonymous_10)
FNDA:0,(anonymous_11)
FNDA:0,(anonymous_12)
FNDA:0,(anonymous_13)
DA:17,0
DA:23,0
DA:24,0
DA:25,0
DA:28,0
DA:29,0
DA:31,0
DA:35,0
DA:36,0
DA:37,0
DA:38,0
DA:41,0
DA:46,0
DA:47,0
DA:51,0
DA:52,0
DA:54,0
DA:59,0
DA:60,0
DA:61,0
DA:65,0
DA:69,0
DA:70,0
DA:74,0
DA:75,0
DA:81,0
DA:83,0
DA:87,0
DA:89,0
DA:90,0
DA:94,0
DA:96,0
DA:97,0
DA:100,0
DA:104,0
DA:113,0
DA:114,0
DA:118,0
DA:123,0
DA:128,0
DA:130,0
DA:131,0
DA:132,0
DA:135,0
DA:136,0
DA:140,0
DA:141,0
DA:142,0
DA:144,0
DA:146,0
DA:149,0
DA:150,0
DA:151,0
DA:156,0
DA:157,0
DA:160,0
DA:161,0
DA:164,0
DA:165,0
DA:168,0
LF:60
LH:0
BRDA:28,0,0,0
BRDA:28,0,1,0
BRDA:37,1,0,0
BRDA:37,1,1,0
BRDA:65,2,0,0
BRDA:65,2,1,0
BRDA:81,3,0,0
BRDA:81,3,1,0
BRDA:87,4,0,0
BRDA:87,4,1,0
BRDA:94,5,0,0
BRDA:94,5,1,0
BRDA:94,6,0,0
BRDA:94,6,1,0
BRDA:113,7,0,0
BRDA:113,7,1,0
BRDA:130,8,0,0
BRDA:130,8,1,0
BRDA:135,9,0,0
BRDA:135,9,1,0
BRDA:140,10,0,0
BRDA:140,10,1,0
BRDA:144,11,0,0
BRDA:144,11,1,0
BRDA:156,12,0,0
BRDA:156,12,1,0
BRDA:160,13,0,0
BRDA:160,13,1,0
BRDA:164,14,0,0
BRDA:164,14,1,0
BRF:30
BRH:0
end_of_record
TN:
SF:src/utils/sessionSync.ts
FN:23,checkSessionSync
FN:59,forceSessionRefresh
FN:84,clearSessionData
FN:97,validateSession
FNF:4
FNH:0
FNDA:0,checkSessionSync
FNDA:0,forceSessionRefresh
FNDA:0,clearSessionData
FNDA:0,validateSession
DA:24,0
DA:27,0
DA:29,0
DA:30,0
DA:32,0
DA:43,0
DA:45,0
DA:47,0
DA:60,0
DA:62,0
DA:64,0
DA:65,0
DA:66,0
DA:69,0
DA:70,0
DA:71,0
DA:74,0
DA:76,0
DA:77,0
DA:85,0
DA:87,0
DA:90,0
DA:108,0
DA:109,0
DA:112,0
DA:113,0
DA:114,0
DA:116,0
DA:125,0
DA:130,0
DA:132,0
DA:134,0
LF:32
LH:0
BRDA:29,0,0,0
BRDA:29,0,1,0
BRDA:29,0,2,0
BRDA:30,1,0,0
BRDA:30,1,1,0
BRDA:33,2,0,0
BRDA:33,2,1,0
BRDA:64,3,0,0
BRDA:64,3,1,0
BRDA:69,4,0,0
BRDA:69,4,1,0
BRDA:69,5,0,0
BRDA:69,5,1,0
BRDA:114,6,0,0
BRDA:114,6,1,0
BRDA:119,7,0,0
BRDA:119,7,1,0
BRDA:125,8,0,0
BRDA:125,8,1,0
BRDA:125,8,2,0
BRDA:125,8,3,0
BRF:21
BRH:0
end_of_record
TN:
SF:src/utils/soundUtils.ts
FN:6,(anonymous_0)
FN:11,(anonymous_1)
FN:15,(anonymous_2)
FN:25,(anonymous_3)
FN:38,(anonymous_4)
FN:56,(anonymous_5)
FN:71,(anonymous_6)
FN:81,(anonymous_7)
FNF:8
FNH:0
FNDA:0,(anonymous_0)
FNDA:0,(anonymous_1)
FNDA:0,(anonymous_2)
FNDA:0,(anonymous_3)
FNDA:0,(anonymous_4)
FNDA:0,(anonymous_5)
FNDA:0,(anonymous_6)
FNDA:0,(anonymous_7)
DA:6,0
DA:7,0
DA:9,0
DA:11,0
DA:12,0
DA:15,0
DA:16,0
DA:18,0
DA:25,0
DA:26,0
DA:28,0
DA:33,0
DA:36,0
DA:38,0
DA:39,0
DA:40,0
DA:43,0
DA:46,0
DA:49,0
DA:50,0
DA:53,0
DA:56,0
DA:57,0
DA:58,0
DA:60,0
DA:62,0
DA:63,0
DA:65,0
DA:69,0
DA:70,0
DA:71,0
DA:72,0
DA:81,0
DA:82,0
DA:83,0
DA:84,0
LF:36
LH:0
BRDA:9,0,0,0
BRDA:9,0,1,0
BRDA:12,1,0,0
BRDA:12,1,1,0
BRDA:16,2,0,0
BRDA:16,2,1,0
BRDA:26,3,0,0
BRDA:26,3,1,0
BRDA:39,4,0,0
BRDA:39,4,1,0
BRDA:40,5,0,0
BRDA:40,5,1,0
BRDA:49,6,0,0
BRDA:49,6,1,0
BRDA:57,7,0,0
BRDA:57,7,1,0
BRDA:60,8,0,0
BRDA:60,8,1,0
BRDA:63,9,0,0
BRDA:63,9,1,0
BRDA:72,10,0,0
BRDA:72,10,1,0
BRDA:82,11,0,0
BRDA:82,11,1,0
BRF:24
BRH:0
end_of_record
TN:
SF:src/utils/taskUtils.ts
FN:4,getCompletedStepsCount
FN:8,(anonymous_1)
FN:13,(anonymous_2)
FNF:3
FNH:0
FNDA:0,getCompletedStepsCount
FNDA:0,(anonymous_1)
FNDA:0,(anonymous_2)
DA:5,0
DA:6,0
DA:8,0
DA:9,0
DA:10,0
DA:11,0
DA:13,0
DA:14,0
DA:15,0
DA:17,0
DA:18,0
DA:21,0
LF:12
LH:0
BRDA:4,0,0,0
BRDA:9,1,0,0
BRDA:9,1,1,0
BRDA:11,2,0,0
BRDA:11,2,1,0
BRDA:15,3,0,0
BRDA:15,3,1,0
BRDA:18,4,0,0
BRDA:18,4,1,0
BRF:9
BRH:0
end_of_record
TN:
SF:src/utils/testFaithPoints.ts
FN:9,(anonymous_0)
FN:55,(anonymous_1)
FN:62,(anonymous_2)
FNF:3
FNH:0
FNDA:0,(anonymous_0)
FNDA:0,(anonymous_1)
FNDA:0,(anonymous_2)
DA:9,0
DA:11,0
DA:14,0
DA:18,0
DA:25,0
DA:29,0
DA:33,0
DA:34,0
DA:36,0
DA:47,0
DA:48,0
DA:55,0
DA:56,0
DA:57,0
DA:58,0
DA:60,0
DA:62,0
DA:68,0
LF:18
LH:0
BRDA:50,0,0,0
BRDA:50,0,1,0
BRDA:60,1,0,0
BRDA:60,1,1,0
BRF:4
BRH:0
end_of_record
TN:
SF:src/utils/testUtils.ts
FN:9,generateTestUUID
FN:10,(anonymous_1)
FN:22,generateTestUserId
FN:29,isValidUUID
FNF:4
FNH:0
FNDA:0,generateTestUUID
FNDA:0,(anonymous_1)
FNDA:0,generateTestUserId
FNDA:0,isValidUUID
DA:10,0
DA:12,0
DA:14,0
DA:15,0
DA:23,0
DA:30,0
DA:31,0
LF:7
LH:0
BRDA:14,0,0,0
BRDA:14,0,1,0
BRF:2
BRH:0
end_of_record
TN:
SF:src/utils/textFormatting.ts
FN:6,(anonymous_0)
FN:30,(anonymous_1)
FNF:2
FNH:0
FNDA:0,(anonymous_0)
FNDA:0,(anonymous_1)
DA:6,0
DA:7,0
DA:9,0
DA:30,0
DA:31,0
DA:34,0
DA:37,0
DA:45,0
DA:49,0
LF:9
LH:0
BRDA:7,0,0,0
BRDA:7,0,1,0
BRDA:31,1,0,0
BRDA:31,1,1,0
BRF:4
BRH:0
end_of_record
TN:
SF:src/utils/tierDisplayUtils.ts
FN:17,(anonymous_0)
FN:63,(anonymous_1)
FN:91,(anonymous_2)
FN:108,(anonymous_3)
FN:112,(anonymous_4)
FN:116,(anonymous_5)
FN:120,(anonymous_6)
FNF:7
FNH:0
FNDA:0,(anonymous_0)
FNDA:0,(anonymous_1)
FNDA:0,(anonymous_2)
FNDA:0,(anonymous_3)
FNDA:0,(anonymous_4)
FNDA:0,(anonymous_5)
FNDA:0,(anonymous_6)
DA:17,0
DA:18,0
DA:20,0
DA:28,0
DA:57,0
DA:60,0
DA:63,0
DA:64,0
DA:88,0
DA:91,0
DA:92,0
DA:105,0
DA:108,0
DA:109,0
DA:112,0
DA:113,0
DA:116,0
DA:117,0
DA:120,0
DA:121,0
LF:20
LH:0
BRDA:18,0,0,0
BRDA:18,0,1,0
BRDA:18,1,0,0
BRDA:18,1,1,0
BRDA:57,2,0,0
BRDA:57,2,1,0
BRDA:57,2,2,0
BRDA:57,2,3,0
BRDA:88,3,0,0
BRDA:88,3,1,0
BRDA:105,4,0,0
BRDA:105,4,1,0
BRDA:117,5,0,0
BRDA:117,5,1,0
BRF:14
BRH:0
end_of_record
TN:
SF:src/utils/tierLockingRules.ts
FN:81,isDevotionalDurationLocked
FN:89,getLockedDurations
FN:96,getAllowedDurations
FN:99,(anonymous_3)
FN:105,getUsageDisplayMessage
FN:136,getUpgradeMessage
FN:146,checkDevotionalAccess
FN:169,getTierAccessRules
FN:184,tierHasLocks
FN:191,getUnlockTier
FN:206,getTierHierarchy
FN:213,getNextTier
FN:271,isFuturePlanningLocked
FN:278,getPlanningUsageMessage
FN:285,getPlanningUpgradeMessage
FN:295,checkPlanningAccess
FN:317,getPlanningAccessRules
FNF:17
FNH:0
FNDA:0,isDevotionalDurationLocked
FNDA:0,getLockedDurations
FNDA:0,getAllowedDurations
FNDA:0,(anonymous_3)
FNDA:0,getUsageDisplayMessage
FNDA:0,getUpgradeMessage
FNDA:0,checkDevotionalAccess
FNDA:0,getTierAccessRules
FNDA:0,tierHasLocks
FNDA:0,getUnlockTier
FNDA:0,getTierHierarchy
FNDA:0,getNextTier
FNDA:0,isFuturePlanningLocked
FNDA:0,getPlanningUsageMessage
FNDA:0,getPlanningUpgradeMessage
FNDA:0,checkPlanningAccess
FNDA:0,getPlanningAccessRules
DA:39,0
DA:49,0
DA:59,0
DA:82,0
DA:83,0
DA:90,0
DA:97,0
DA:98,0
DA:99,0
DA:106,0
DA:107,0
DA:110,0
DA:112,0
DA:113,0
DA:117,0
DA:119,0
DA:120,0
DA:122,0
DA:123,0
DA:125,0
DA:126,0
DA:130,0
DA:140,0
DA:151,0
DA:152,0
DA:153,0
DA:154,0
DA:156,0
DA:170,0
DA:171,0
DA:173,0
DA:185,0
DA:192,0
DA:194,0
DA:195,0
DA:196,0
DA:200,0
DA:207,0
DA:214,0
DA:215,0
DA:217,0
DA:218,0
DA:221,0
DA:229,0
DA:239,0
DA:249,0
DA:272,0
DA:279,0
DA:289,0
DA:299,0
DA:300,0
DA:301,0
DA:302,0
DA:304,0
DA:318,0
DA:320,0
LF:56
LH:0
BRDA:82,0,0,0
BRDA:82,0,1,0
BRDA:90,1,0,0
BRDA:90,1,1,0
BRDA:98,2,0,0
BRDA:98,2,1,0
BRDA:106,3,0,0
BRDA:106,3,1,0
BRDA:106,4,0,0
BRDA:106,4,1,0
BRDA:110,5,0,0
BRDA:110,5,1,0
BRDA:112,6,0,0
BRDA:112,6,1,0
BRDA:117,7,0,0
BRDA:117,7,1,0
BRDA:119,8,0,0
BRDA:119,8,1,0
BRDA:122,9,0,0
BRDA:122,9,1,0
BRDA:125,10,0,0
BRDA:125,10,1,0
BRDA:138,11,0,0
BRDA:140,12,0,0
BRDA:140,12,1,0
BRDA:149,13,0,0
BRDA:195,14,0,0
BRDA:195,14,1,0
BRDA:217,15,0,0
BRDA:217,15,1,0
BRDA:217,16,0,0
BRDA:217,16,1,0
BRDA:272,17,0,0
BRDA:272,17,1,0
BRDA:279,18,0,0
BRDA:279,18,1,0
BRDA:287,19,0,0
BRDA:289,20,0,0
BRDA:289,20,1,0
BRDA:297,21,0,0
BRDA:322,22,0,0
BRDA:322,22,1,0
BRF:42
BRH:0
end_of_record
TN:
SF:src/utils/titleUtils.ts
FN:20,(anonymous_0)
FN:75,(anonymous_1)
FNF:2
FNH:0
FNDA:0,(anonymous_0)
FNDA:0,(anonymous_1)
DA:9,0
DA:20,0
DA:21,0
DA:24,0
DA:25,0
DA:27,0
DA:28,0
DA:31,0
DA:32,0
DA:33,0
DA:34,0
DA:35,0
DA:36,0
DA:37,0
DA:38,0
DA:39,0
DA:42,0
DA:47,0
DA:50,0
DA:51,0
DA:55,0
DA:57,0
DA:58,0
DA:59,0
DA:60,0
DA:62,0
DA:65,0
DA:75,0
DA:76,0
DA:78,0
DA:81,0
DA:93,0
DA:94,0
DA:95,0
DA:97,0
LF:35
LH:0
BRDA:20,0,0,0
BRDA:21,1,0,0
BRDA:21,1,1,0
BRDA:27,2,0,0
BRDA:27,2,1,0
BRDA:27,3,0,0
BRDA:27,3,1,0
BRDA:31,4,0,0
BRDA:31,4,1,0
BRDA:34,5,0,0
BRDA:34,5,1,0
BRDA:37,6,0,0
BRDA:37,6,1,0
BRDA:50,7,0,0
BRDA:50,7,1,0
BRDA:55,8,0,0
BRDA:55,8,1,0
BRDA:59,9,0,0
BRDA:59,9,1,0
BRDA:76,10,0,0
BRDA:76,10,1,0
BRDA:95,11,0,0
BRDA:95,11,1,0
BRDA:97,12,0,0
BRDA:97,12,1,0
BRDA:97,12,2,0
BRF:26
BRH:0
end_of_record
TN:
SF:src/utils/updateExistingPlaybooks.ts
FN:12,updateExistingPlaybooksWithJournalTypes
FN:85,updatePlaybookWithJournalTypes
FNF:2
FNH:0
FNDA:0,updateExistingPlaybooksWithJournalTypes
FNDA:0,updatePlaybookWithJournalTypes
DA:13,0
DA:16,0
DA:32,0
DA:33,0
DA:34,0
DA:37,0
DA:39,0
DA:43,0
DA:44,0
DA:46,0
DA:47,0
DA:48,0
DA:50,0
DA:51,0
DA:53,0
DA:55,0
DA:56,0
DA:63,0
DA:64,0
DA:68,0
DA:69,0
DA:71,0
DA:78,0
DA:86,0
DA:89,0
DA:102,0
DA:103,0
DA:104,0
DA:107,0
DA:109,0
DA:112,0
DA:114,0
DA:115,0
DA:117,0
DA:119,0
DA:120,0
DA:127,0
DA:128,0
DA:132,0
DA:133,0
DA:140,0
LF:41
LH:0
BRDA:32,0,0,0
BRDA:32,0,1,0
BRDA:37,1,0,0
BRDA:37,1,1,0
BRDA:37,2,0,0
BRDA:37,2,1,0
BRDA:51,3,0,0
BRDA:51,3,1,0
BRDA:55,4,0,0
BRDA:55,4,1,0
BRDA:63,5,0,0
BRDA:63,5,1,0
BRDA:68,6,0,0
BRDA:68,6,1,0
BRDA:102,7,0,0
BRDA:102,7,1,0
BRDA:107,8,0,0
BRDA:107,8,1,0
BRDA:107,9,0,0
BRDA:107,9,1,0
BRDA:115,10,0,0
BRDA:115,10,1,0
BRDA:119,11,0,0
BRDA:119,11,1,0
BRDA:127,12,0,0
BRDA:127,12,1,0
BRDA:132,13,0,0
BRDA:132,13,1,0
BRF:28
BRH:0
end_of_record
TN:
SF:src/utils/uuidUtils.ts
FN:9,generateUUID
FN:10,(anonymous_1)
FN:20,isValidUUID
FN:29,ensureValidUUID
FN:42,generateShortUUID
FNF:5
FNH:3
FNDA:1156,generateUUID
FNDA:35836,(anonymous_1)
FNDA:1062,isValidUUID
FNDA:0,ensureValidUUID
FNDA:0,generateShortUUID
DA:10,1156
DA:11,35836
DA:12,35836
DA:13,35836
DA:21,1062
DA:22,1062
DA:30,0
DA:31,0
DA:32,0
DA:33,0
DA:36,0
DA:43,0
LF:12
LH:6
BRDA:12,0,0,34680
BRDA:12,0,1,1156
BRDA:29,1,0,0
BRDA:30,2,0,0
BRDA:30,2,1,0
BRDA:30,3,0,0
BRDA:30,3,1,0
BRDA:30,3,2,0
BRF:8
BRH:2
end_of_record
TN:
SF:src/utils/weekStartUtils.ts
FN:24,adjustDayIndexForWeekStart
FN:44,getRawDayIndexFromAdjusted
FN:55,getWeekStart
FN:73,getWeekEnd
FN:89,getDayNamesInWeekOrder
FNF:5
FNH:0
FNDA:0,adjustDayIndexForWeekStart
FNDA:0,getRawDayIndexFromAdjusted
FNDA:0,getWeekStart
FNDA:0,getWeekEnd
FNDA:0,getDayNamesInWeekOrder
DA:26,0
DA:29,0
DA:30,0
DA:33,0
DA:45,0
DA:56,0
DA:57,0
DA:59,0
DA:60,0
DA:61,0
DA:63,0
DA:74,0
DA:75,0
DA:76,0
DA:77,0
DA:79,0
DA:93,0
DA:94,0
DA:96,0
DA:99,0
DA:100,0
DA:101,0
DA:102,0
DA:105,0
LF:24
LH:0
BRDA:29,0,0,0
BRDA:29,0,1,0
BRDA:91,1,0,0
BRDA:96,2,0,0
BRDA:96,2,1,0
BRF:5
BRH:0
end_of_record
